  [1m[35m (130.8ms)[0m  [1m[35mCREATE TABLE "schema_migrations" ("version" varchar NOT NULL PRIMARY KEY)[0m
  [1m[35m (98.0ms)[0m  [1m[35mCREATE TABLE "ar_internal_metadata" ("key" varchar NOT NULL PRIMARY KEY, "value" varchar, "created_at" datetime NOT NULL, "updated_at" datetime NOT NULL)[0m
  [1m[36mActiveRecord::SchemaMigration Load (0.2ms)[0m  [1m[34mSELECT "schema_migrations".* FROM "schema_migrations"[0m
Migrating to CreateItems (20170325150709)
  [1m[35m (0.1ms)[0m  [1m[36mbegin transaction[0m
  [1m[35m (1.7ms)[0m  [1m[35mCREATE TABLE "items" ("id" INTEGER PRIMARY KEY AUTOINCREMENT NOT NULL, "name" varchar, "category" varchar, "quantity" integer, "description" text, "created_at" datetime NOT NULL, "updated_at" datetime NOT NULL)[0m
  [1m[35mSQL (0.4ms)[0m  [1m[32mINSERT INTO "schema_migrations" ("version") VALUES (?)[0m  [["version", "20170325150709"]]
  [1m[35m (126.0ms)[0m  [1m[36mcommit transaction[0m
Migrating to CreateUsers (20170325151257)
  [1m[35m (0.1ms)[0m  [1m[36mbegin transaction[0m
  [1m[35m (0.3ms)[0m  [1m[35mCREATE TABLE "users" ("id" INTEGER PRIMARY KEY AUTOINCREMENT NOT NULL, "name" varchar, "created_at" datetime NOT NULL, "updated_at" datetime NOT NULL)[0m
  [1m[35mSQL (0.3ms)[0m  [1m[32mINSERT INTO "schema_migrations" ("version") VALUES (?)[0m  [["version", "20170325151257"]]
  [1m[35m (72.1ms)[0m  [1m[36mcommit transaction[0m
Migrating to CreateMembers (20170325151602)
  [1m[35m (0.1ms)[0m  [1m[36mbegin transaction[0m
  [1m[35m (0.4ms)[0m  [1m[35mCREATE TABLE "members" ("id" INTEGER PRIMARY KEY AUTOINCREMENT NOT NULL, "name" varchar, "email" varchar, "phone" varchar, "created_at" datetime NOT NULL, "updated_at" datetime NOT NULL)[0m
  [1m[35mSQL (0.2ms)[0m  [1m[32mINSERT INTO "schema_migrations" ("version") VALUES (?)[0m  [["version", "20170325151602"]]
  [1m[35m (65.0ms)[0m  [1m[36mcommit transaction[0m
Migrating to CreateOrders (20170325152140)
  [1m[35m (0.1ms)[0m  [1m[36mbegin transaction[0m
  [1m[35m (0.3ms)[0m  [1m[35mCREATE TABLE "orders" ("id" INTEGER PRIMARY KEY AUTOINCREMENT NOT NULL, "quantity" varchar, "status" boolean, "expire_at" date, "item_id" integer, "member_id" integer, "created_at" datetime NOT NULL, "updated_at" datetime NOT NULL)[0m
  [1m[35m (0.1ms)[0m  [1m[34mselect sqlite_version(*)[0m
  [1m[35m (0.2ms)[0m  [1m[35mCREATE  INDEX "index_orders_on_item_id" ON "orders" ("item_id")[0m
  [1m[35m (0.1ms)[0m  [1m[34m            SELECT sql
            FROM sqlite_master
            WHERE name='index_orders_on_item_id' AND type='index'
            UNION ALL
            SELECT sql
            FROM sqlite_temp_master
            WHERE name='index_orders_on_item_id' AND type='index'
[0m
  [1m[35m (0.2ms)[0m  [1m[35mCREATE  INDEX "index_orders_on_member_id" ON "orders" ("member_id")[0m
  [1m[35mSQL (0.2ms)[0m  [1m[32mINSERT INTO "schema_migrations" ("version") VALUES (?)[0m  [["version", "20170325152140"]]
  [1m[35m (94.1ms)[0m  [1m[36mcommit transaction[0m
Migrating to AddDeviseToUsers (20170325194949)
  [1m[35m (0.2ms)[0m  [1m[36mbegin transaction[0m
  [1m[35m (0.9ms)[0m  [1m[35mALTER TABLE "users" ADD "email" varchar DEFAULT '' NOT NULL[0m
  [1m[35m (0.4ms)[0m  [1m[35mALTER TABLE "users" ADD "encrypted_password" varchar DEFAULT '' NOT NULL[0m
  [1m[35m (0.3ms)[0m  [1m[35mALTER TABLE "users" ADD "reset_password_token" varchar[0m
  [1m[35m (0.3ms)[0m  [1m[35mALTER TABLE "users" ADD "reset_password_sent_at" datetime[0m
  [1m[35m (0.2ms)[0m  [1m[35mALTER TABLE "users" ADD "remember_created_at" datetime[0m
  [1m[35m (0.2ms)[0m  [1m[35mALTER TABLE "users" ADD "sign_in_count" integer DEFAULT 0 NOT NULL[0m
  [1m[35m (0.2ms)[0m  [1m[35mALTER TABLE "users" ADD "current_sign_in_at" datetime[0m
  [1m[35m (0.2ms)[0m  [1m[35mALTER TABLE "users" ADD "last_sign_in_at" datetime[0m
  [1m[35m (0.2ms)[0m  [1m[35mALTER TABLE "users" ADD "current_sign_in_ip" varchar[0m
  [1m[35m (0.2ms)[0m  [1m[35mALTER TABLE "users" ADD "last_sign_in_ip" varchar[0m
  [1m[35m (42.7ms)[0m  [1m[35mCREATE UNIQUE INDEX "index_users_on_email" ON "users" ("email")[0m
  [1m[35m (0.2ms)[0m  [1m[34m            SELECT sql
            FROM sqlite_master
            WHERE name='index_users_on_email' AND type='index'
            UNION ALL
            SELECT sql
            FROM sqlite_temp_master
            WHERE name='index_users_on_email' AND type='index'
[0m
  [1m[35m (0.2ms)[0m  [1m[35mCREATE UNIQUE INDEX "index_users_on_reset_password_token" ON "users" ("reset_password_token")[0m
  [1m[35mSQL (0.2ms)[0m  [1m[32mINSERT INTO "schema_migrations" ("version") VALUES (?)[0m  [["version", "20170325194949"]]
  [1m[35m (121.4ms)[0m  [1m[36mcommit transaction[0m
Migrating to AddAvailableQuantityToItems (20170423075558)
  [1m[35m (0.1ms)[0m  [1m[36mbegin transaction[0m
  [1m[35m (0.4ms)[0m  [1m[35mALTER TABLE "items" ADD "remaining_quantity" integer[0m
  [1m[35mSQL (0.2ms)[0m  [1m[32mINSERT INTO "schema_migrations" ("version") VALUES (?)[0m  [["version", "20170423075558"]]
  [1m[35m (44.5ms)[0m  [1m[36mcommit transaction[0m
Migrating to CreateDelayedJobs (20170423144447)
  [1m[35m (0.1ms)[0m  [1m[36mbegin transaction[0m
DEPRECATION WARNING: Directly inheriting from ActiveRecord::Migration is deprecated. Please specify the Rails release the migration was written for:

  class CreateDelayedJobs < ActiveRecord::Migration[4.2] (called from require at /home/monkeykiller/Bureau/audit/inventorious/bin/rails:9)
  [1m[35m (1.2ms)[0m  [1m[35mCREATE TABLE "delayed_jobs" ("id" INTEGER PRIMARY KEY AUTOINCREMENT NOT NULL, "priority" integer DEFAULT 0 NOT NULL, "attempts" integer DEFAULT 0 NOT NULL, "handler" text NOT NULL, "last_error" text, "run_at" datetime, "locked_at" datetime, "failed_at" datetime, "locked_by" varchar, "queue" varchar, "created_at" datetime, "updated_at" datetime)[0m
  [1m[35m (0.2ms)[0m  [1m[35mCREATE  INDEX "delayed_jobs_priority" ON "delayed_jobs" ("priority", "run_at")[0m
  [1m[35mSQL (0.1ms)[0m  [1m[32mINSERT INTO "schema_migrations" ("version") VALUES (?)[0m  [["version", "20170423144447"]]
  [1m[35m (110.7ms)[0m  [1m[36mcommit transaction[0m
  [1m[36mActiveRecord::InternalMetadata Load (0.1ms)[0m  [1m[34mSELECT  "ar_internal_metadata".* FROM "ar_internal_metadata" WHERE "ar_internal_metadata"."key" = ? LIMIT ?[0m  [["key", :environment], ["LIMIT", 1]]
  [1m[35m (0.1ms)[0m  [1m[36mbegin transaction[0m
  [1m[35mSQL (0.2ms)[0m  [1m[32mINSERT INTO "ar_internal_metadata" ("key", "value", "created_at", "updated_at") VALUES (?, ?, ?, ?)[0m  [["key", "environment"], ["value", "development"], ["created_at", 2018-12-07 09:41:06 UTC], ["updated_at", 2018-12-07 09:41:06 UTC]]
  [1m[35m (49.9ms)[0m  [1m[36mcommit transaction[0m
  [1m[36mActiveRecord::SchemaMigration Load (0.1ms)[0m  [1m[34mSELECT "schema_migrations".* FROM "schema_migrations"[0m
  [1m[35m (0.2ms)[0m  [1m[34m            SELECT sql
            FROM sqlite_master
            WHERE name='delayed_jobs_priority' AND type='index'
            UNION ALL
            SELECT sql
            FROM sqlite_temp_master
            WHERE name='delayed_jobs_priority' AND type='index'
[0m
  [1m[35m (0.1ms)[0m  [1m[34m            SELECT sql
            FROM sqlite_master
            WHERE name='index_orders_on_member_id' AND type='index'
            UNION ALL
            SELECT sql
            FROM sqlite_temp_master
            WHERE name='index_orders_on_member_id' AND type='index'
[0m
  [1m[35m (0.1ms)[0m  [1m[34m            SELECT sql
            FROM sqlite_master
            WHERE name='index_orders_on_item_id' AND type='index'
            UNION ALL
            SELECT sql
            FROM sqlite_temp_master
            WHERE name='index_orders_on_item_id' AND type='index'
[0m
  [1m[35m (0.1ms)[0m  [1m[34m            SELECT sql
            FROM sqlite_master
            WHERE name='index_users_on_reset_password_token' AND type='index'
            UNION ALL
            SELECT sql
            FROM sqlite_temp_master
            WHERE name='index_users_on_reset_password_token' AND type='index'
[0m
  [1m[35m (0.1ms)[0m  [1m[34m            SELECT sql
            FROM sqlite_master
            WHERE name='index_users_on_email' AND type='index'
            UNION ALL
            SELECT sql
            FROM sqlite_temp_master
            WHERE name='index_users_on_email' AND type='index'
[0m
  [1m[36mActiveRecord::SchemaMigration Load (0.1ms)[0m  [1m[34mSELECT "schema_migrations".* FROM "schema_migrations"[0m
  [1m[35mSQL (98.2ms)[0m  [1m[31mDELETE FROM "users"[0m
  [1m[35m (0.1ms)[0m  [1m[36mbegin transaction[0m
  [1m[36mUser Exists (0.2ms)[0m  [1m[34mSELECT  1 AS one FROM "users" WHERE "users"."email" = ? LIMIT ?[0m  [["email", "demo@demo.com"], ["LIMIT", 1]]
  [1m[35mSQL (0.3ms)[0m  [1m[32mINSERT INTO "users" ("name", "created_at", "updated_at", "email", "encrypted_password") VALUES (?, ?, ?, ?, ?)[0m  [["name", "Zacharias"], ["created_at", 2018-12-07 09:41:07 UTC], ["updated_at", 2018-12-07 09:41:07 UTC], ["email", "demo@demo.com"], ["encrypted_password", "$2a$11$BQYf5mp0yShjkGV6M.oAMen59Lbni9xghsAo7vt.WjHo2B6rkT8BW"]]
  [1m[35m (103.2ms)[0m  [1m[36mcommit transaction[0m
Started GET "/" for 127.0.0.1 at 2018-12-07 12:41:27 +0300
  [1m[36mActiveRecord::SchemaMigration Load (0.4ms)[0m  [1m[34mSELECT "schema_migrations".* FROM "schema_migrations"[0m
Processing by OrdersController#index as HTML
Completed 401 Unauthorized in 49ms (ActiveRecord: 0.0ms)


Started GET "/users/sign_in" for 127.0.0.1 at 2018-12-07 12:41:28 +0300
  
SyntaxError (/home/monkeykiller/.rbenv/versions/2.5.3/lib/ruby/gems/2.5.0/gems/devise-4.2.0/app/controllers/devise/sessions_controller.rb:5: syntax error, unexpected '{', expecting keyword_end
...ion only: [:create, :destroy] { request.env["devise.skip_tim...
...                              ^
/home/monkeykiller/.rbenv/versions/2.5.3/lib/ruby/gems/2.5.0/gems/devise-4.2.0/app/controllers/devise/sessions_controller.rb:5: syntax error, unexpected '}', expecting keyword_end
..."devise.skip_timeout"] = true }
...                              ^):
  
devise (4.2.0) app/controllers/devise/sessions_controller.rb:5: syntax error, unexpected '{', expecting keyword_end
...ion only: [:create, :destroy] { request.env["devise.skip_tim...
...                              ^
devise (4.2.0) app/controllers/devise/sessions_controller.rb:5: syntax error, unexpected '}', expecting keyword_end
..."devise.skip_timeout"] = true }
...                              ^
activesupport (5.0.2) lib/active_support/dependencies.rb:477:in `load'
activesupport (5.0.2) lib/active_support/dependencies.rb:477:in `block in load_file'
activesupport (5.0.2) lib/active_support/dependencies.rb:662:in `new_constants_in'
activesupport (5.0.2) lib/active_support/dependencies.rb:476:in `load_file'
activesupport (5.0.2) lib/active_support/dependencies.rb:375:in `block in require_or_load'
activesupport (5.0.2) lib/active_support/dependencies.rb:37:in `block in load_interlock'
activesupport (5.0.2) lib/active_support/dependencies/interlock.rb:12:in `block in loading'
activesupport (5.0.2) lib/active_support/concurrency/share_lock.rb:150:in `exclusive'
activesupport (5.0.2) lib/active_support/dependencies/interlock.rb:11:in `loading'
activesupport (5.0.2) lib/active_support/dependencies.rb:37:in `load_interlock'
activesupport (5.0.2) lib/active_support/dependencies.rb:358:in `require_or_load'
activesupport (5.0.2) lib/active_support/dependencies.rb:511:in `load_missing_constant'
activesupport (5.0.2) lib/active_support/dependencies.rb:203:in `const_missing'
activesupport (5.0.2) lib/active_support/inflector/methods.rb:270:in `const_get'
activesupport (5.0.2) lib/active_support/inflector/methods.rb:270:in `block in constantize'
activesupport (5.0.2) lib/active_support/inflector/methods.rb:266:in `each'
activesupport (5.0.2) lib/active_support/inflector/methods.rb:266:in `inject'
activesupport (5.0.2) lib/active_support/inflector/methods.rb:266:in `constantize'
activesupport (5.0.2) lib/active_support/dependencies.rb:583:in `get'
activesupport (5.0.2) lib/active_support/dependencies.rb:614:in `constantize'
actionpack (5.0.2) lib/action_dispatch/http/request.rb:81:in `controller_class'
actionpack (5.0.2) lib/action_dispatch/routing/route_set.rb:44:in `controller'
actionpack (5.0.2) lib/action_dispatch/routing/route_set.rb:30:in `serve'
actionpack (5.0.2) lib/action_dispatch/routing/mapper.rb:16:in `block in <class:Constraints>'
actionpack (5.0.2) lib/action_dispatch/routing/mapper.rb:46:in `serve'
actionpack (5.0.2) lib/action_dispatch/journey/router.rb:39:in `block in serve'
actionpack (5.0.2) lib/action_dispatch/journey/router.rb:26:in `each'
actionpack (5.0.2) lib/action_dispatch/journey/router.rb:26:in `serve'
actionpack (5.0.2) lib/action_dispatch/routing/route_set.rb:725:in `call'
warden (1.2.6) lib/warden/manager.rb:35:in `block in call'
warden (1.2.6) lib/warden/manager.rb:34:in `catch'
warden (1.2.6) lib/warden/manager.rb:34:in `call'
rack (2.0.1) lib/rack/etag.rb:25:in `call'
rack (2.0.1) lib/rack/conditional_get.rb:25:in `call'
rack (2.0.1) lib/rack/head.rb:12:in `call'
rack (2.0.1) lib/rack/session/abstract/id.rb:222:in `context'
rack (2.0.1) lib/rack/session/abstract/id.rb:216:in `call'
actionpack (5.0.2) lib/action_dispatch/middleware/cookies.rb:613:in `call'
activerecord (5.0.2) lib/active_record/migration.rb:553:in `call'
actionpack (5.0.2) lib/action_dispatch/middleware/callbacks.rb:38:in `block in call'
activesupport (5.0.2) lib/active_support/callbacks.rb:97:in `__run_callbacks__'
activesupport (5.0.2) lib/active_support/callbacks.rb:750:in `_run_call_callbacks'
activesupport (5.0.2) lib/active_support/callbacks.rb:90:in `run_callbacks'
actionpack (5.0.2) lib/action_dispatch/middleware/callbacks.rb:36:in `call'
actionpack (5.0.2) lib/action_dispatch/middleware/executor.rb:12:in `call'
actionpack (5.0.2) lib/action_dispatch/middleware/remote_ip.rb:79:in `call'
actionpack (5.0.2) lib/action_dispatch/middleware/debug_exceptions.rb:49:in `call'
web-console (3.4.0) lib/web_console/middleware.rb:135:in `call_app'
web-console (3.4.0) lib/web_console/middleware.rb:28:in `block in call'
web-console (3.4.0) lib/web_console/middleware.rb:18:in `catch'
web-console (3.4.0) lib/web_console/middleware.rb:18:in `call'
actionpack (5.0.2) lib/action_dispatch/middleware/show_exceptions.rb:31:in `call'
railties (5.0.2) lib/rails/rack/logger.rb:36:in `call_app'
railties (5.0.2) lib/rails/rack/logger.rb:24:in `block in call'
activesupport (5.0.2) lib/active_support/tagged_logging.rb:69:in `block in tagged'
activesupport (5.0.2) lib/active_support/tagged_logging.rb:26:in `tagged'
activesupport (5.0.2) lib/active_support/tagged_logging.rb:69:in `tagged'
railties (5.0.2) lib/rails/rack/logger.rb:24:in `call'
sprockets-rails (3.2.0) lib/sprockets/rails/quiet_assets.rb:13:in `call'
actionpack (5.0.2) lib/action_dispatch/middleware/request_id.rb:24:in `call'
rack (2.0.1) lib/rack/method_override.rb:22:in `call'
rack (2.0.1) lib/rack/runtime.rb:22:in `call'
activesupport (5.0.2) lib/active_support/cache/strategy/local_cache_middleware.rb:28:in `call'
actionpack (5.0.2) lib/action_dispatch/middleware/executor.rb:12:in `call'
actionpack (5.0.2) lib/action_dispatch/middleware/static.rb:136:in `call'
rack (2.0.1) lib/rack/sendfile.rb:111:in `call'
railties (5.0.2) lib/rails/engine.rb:522:in `call'
puma (3.8.2) lib/puma/configuration.rb:224:in `call'
puma (3.8.2) lib/puma/server.rb:600:in `handle_request'
puma (3.8.2) lib/puma/server.rb:435:in `process_client'
puma (3.8.2) lib/puma/server.rb:299:in `block in run'
puma (3.8.2) lib/puma/thread_pool.rb:120:in `block in spawn_thread'
  Rendering /home/monkeykiller/.rbenv/versions/2.5.3/lib/ruby/gems/2.5.0/gems/actionpack-5.0.2/lib/action_dispatch/middleware/templates/rescues/diagnostics.html.erb within rescues/layout
  Rendering /home/monkeykiller/.rbenv/versions/2.5.3/lib/ruby/gems/2.5.0/gems/actionpack-5.0.2/lib/action_dispatch/middleware/templates/rescues/_source.html.erb
  Rendered /home/monkeykiller/.rbenv/versions/2.5.3/lib/ruby/gems/2.5.0/gems/actionpack-5.0.2/lib/action_dispatch/middleware/templates/rescues/_source.html.erb (6.2ms)
  Rendering /home/monkeykiller/.rbenv/versions/2.5.3/lib/ruby/gems/2.5.0/gems/actionpack-5.0.2/lib/action_dispatch/middleware/templates/rescues/_trace.html.erb
  Rendered /home/monkeykiller/.rbenv/versions/2.5.3/lib/ruby/gems/2.5.0/gems/actionpack-5.0.2/lib/action_dispatch/middleware/templates/rescues/_trace.html.erb (9.1ms)
  Rendering /home/monkeykiller/.rbenv/versions/2.5.3/lib/ruby/gems/2.5.0/gems/actionpack-5.0.2/lib/action_dispatch/middleware/templates/rescues/_request_and_response.html.erb
  Rendered /home/monkeykiller/.rbenv/versions/2.5.3/lib/ruby/gems/2.5.0/gems/actionpack-5.0.2/lib/action_dispatch/middleware/templates/rescues/_request_and_response.html.erb (1.9ms)
  Rendered /home/monkeykiller/.rbenv/versions/2.5.3/lib/ruby/gems/2.5.0/gems/actionpack-5.0.2/lib/action_dispatch/middleware/templates/rescues/diagnostics.html.erb within rescues/layout (102.4ms)
Started GET "/" for 127.0.0.1 at 2018-12-07 12:44:00 +0300
  [1m[36mActiveRecord::SchemaMigration Load (0.2ms)[0m  [1m[34mSELECT "schema_migrations".* FROM "schema_migrations"[0m
Processing by OrdersController#index as HTML
Completed 401 Unauthorized in 69ms (ActiveRecord: 0.0ms)


Started GET "/users/sign_in" for 127.0.0.1 at 2018-12-07 12:44:01 +0300
Processing by Devise::SessionsController#new as HTML
  Rendering devise/sessions/new.html.erb within layouts/application
  Rendered devise/sessions/new.html.erb within layouts/application (152.5ms)
  Rendered layouts/_notifications.html.erb (0.9ms)
Completed 200 OK in 8211ms (Views: 8173.2ms | ActiveRecord: 1.1ms)


Started GET "/img/boxed-bg.jpg" for 127.0.0.1 at 2018-12-07 12:44:10 +0300
  
ActionController::RoutingError (No route matches [GET] "/img/boxed-bg.jpg"):
  
actionpack (5.0.2) lib/action_dispatch/middleware/debug_exceptions.rb:53:in `call'
web-console (3.4.0) lib/web_console/middleware.rb:135:in `call_app'
web-console (3.4.0) lib/web_console/middleware.rb:28:in `block in call'
web-console (3.4.0) lib/web_console/middleware.rb:18:in `catch'
web-console (3.4.0) lib/web_console/middleware.rb:18:in `call'
actionpack (5.0.2) lib/action_dispatch/middleware/show_exceptions.rb:31:in `call'
railties (5.0.2) lib/rails/rack/logger.rb:36:in `call_app'
railties (5.0.2) lib/rails/rack/logger.rb:24:in `block in call'
activesupport (5.0.2) lib/active_support/tagged_logging.rb:69:in `block in tagged'
activesupport (5.0.2) lib/active_support/tagged_logging.rb:26:in `tagged'
activesupport (5.0.2) lib/active_support/tagged_logging.rb:69:in `tagged'
railties (5.0.2) lib/rails/rack/logger.rb:24:in `call'
sprockets-rails (3.2.0) lib/sprockets/rails/quiet_assets.rb:13:in `call'
actionpack (5.0.2) lib/action_dispatch/middleware/request_id.rb:24:in `call'
rack (2.0.1) lib/rack/method_override.rb:22:in `call'
rack (2.0.1) lib/rack/runtime.rb:22:in `call'
activesupport (5.0.2) lib/active_support/cache/strategy/local_cache_middleware.rb:28:in `call'
actionpack (5.0.2) lib/action_dispatch/middleware/executor.rb:12:in `call'
actionpack (5.0.2) lib/action_dispatch/middleware/static.rb:136:in `call'
rack (2.0.1) lib/rack/sendfile.rb:111:in `call'
railties (5.0.2) lib/rails/engine.rb:522:in `call'
puma (3.8.2) lib/puma/configuration.rb:224:in `call'
puma (3.8.2) lib/puma/server.rb:600:in `handle_request'
puma (3.8.2) lib/puma/server.rb:435:in `process_client'
puma (3.8.2) lib/puma/server.rb:299:in `block in run'
puma (3.8.2) lib/puma/thread_pool.rb:120:in `block in spawn_thread'
  Rendering /home/monkeykiller/.rbenv/versions/2.5.3/lib/ruby/gems/2.5.0/gems/actionpack-5.0.2/lib/action_dispatch/middleware/templates/rescues/routing_error.html.erb within rescues/layout
  Rendering /home/monkeykiller/.rbenv/versions/2.5.3/lib/ruby/gems/2.5.0/gems/actionpack-5.0.2/lib/action_dispatch/middleware/templates/rescues/_trace.html.erb
  Rendered /home/monkeykiller/.rbenv/versions/2.5.3/lib/ruby/gems/2.5.0/gems/actionpack-5.0.2/lib/action_dispatch/middleware/templates/rescues/_trace.html.erb (3.9ms)
  Rendered collection of /home/monkeykiller/.rbenv/versions/2.5.3/lib/ruby/gems/2.5.0/gems/actionpack-5.0.2/lib/action_dispatch/middleware/templates/routes/_route.html.erb [44 times] (53.8ms)
  Rendered /home/monkeykiller/.rbenv/versions/2.5.3/lib/ruby/gems/2.5.0/gems/actionpack-5.0.2/lib/action_dispatch/middleware/templates/routes/_table.html.erb (17.6ms)
  Rendering /home/monkeykiller/.rbenv/versions/2.5.3/lib/ruby/gems/2.5.0/gems/actionpack-5.0.2/lib/action_dispatch/middleware/templates/rescues/_request_and_response.html.erb
  Rendered /home/monkeykiller/.rbenv/versions/2.5.3/lib/ruby/gems/2.5.0/gems/actionpack-5.0.2/lib/action_dispatch/middleware/templates/rescues/_request_and_response.html.erb (1.3ms)
  Rendered /home/monkeykiller/.rbenv/versions/2.5.3/lib/ruby/gems/2.5.0/gems/actionpack-5.0.2/lib/action_dispatch/middleware/templates/rescues/routing_error.html.erb within rescues/layout (138.1ms)
Started POST "/users/sign_in" for 127.0.0.1 at 2018-12-07 12:45:21 +0300
Processing by Devise::SessionsController#create as HTML
  Parameters: {"utf8"=>"✓", "authenticity_token"=>"5gEka8tT7egJmIdKj04oxGsgWk/Y6o8gzRvPopfgK8ThZ2g0I7gUISJF0lr9Ql4ClIMRLdGkSuD2bZPOA4ICTw==", "user"=>{"email"=>"demo@demo.com", "password"=>"[FILTERED]", "remember_me"=>"0"}, "commit"=>"Log in"}
  [1m[36mUser Load (95.7ms)[0m  [1m[34mSELECT  "users".* FROM "users" WHERE "users"."email" = ? ORDER BY "users"."id" ASC LIMIT ?[0m  [["email", "demo@demo.com"], ["LIMIT", 1]]
  [1m[35m (0.1ms)[0m  [1m[36mbegin transaction[0m
  [1m[35mSQL (28.8ms)[0m  [1m[33mUPDATE "users" SET "current_sign_in_at" = ?, "last_sign_in_at" = ?, "current_sign_in_ip" = ?, "last_sign_in_ip" = ?, "sign_in_count" = ?, "updated_at" = ? WHERE "users"."id" = ?[0m  [["current_sign_in_at", 2018-12-07 09:45:21 UTC], ["last_sign_in_at", 2018-12-07 09:45:21 UTC], ["current_sign_in_ip", "127.0.0.1"], ["last_sign_in_ip", "127.0.0.1"], ["sign_in_count", 1], ["updated_at", 2018-12-07 09:45:21 UTC], ["id", 1]]
  [1m[35m (447.1ms)[0m  [1m[36mcommit transaction[0m
Redirected to http://localhost:3000/
Completed 302 Found in 907ms (ActiveRecord: 571.6ms)


Started GET "/" for 127.0.0.1 at 2018-12-07 12:45:21 +0300
Processing by OrdersController#index as HTML
  [1m[36mUser Load (0.7ms)[0m  [1m[34mSELECT  "users".* FROM "users" WHERE "users"."id" = ? ORDER BY "users"."id" ASC LIMIT ?[0m  [["id", 1], ["LIMIT", 1]]
  Rendering orders/index.html.erb within layouts/application
  Rendered layouts/_header.html.erb (17.5ms)
  [1m[35m (0.1ms)[0m  [1m[34mSELECT SUM("items"."quantity") FROM "items"[0m
  [1m[35m (10.0ms)[0m  [1m[34mSELECT SUM("items"."remaining_quantity") FROM "items"[0m
  [1m[36mCACHE (0.1ms)[0m  [1m[34mSELECT SUM("items"."quantity") FROM "items"[0m
  [1m[36mCACHE (0.1ms)[0m  [1m[34mSELECT SUM("items"."remaining_quantity") FROM "items"[0m
  [1m[35m (1.1ms)[0m  [1m[34mSELECT COUNT(*) FROM "orders" WHERE (expire_at < '2018-12-07') AND "orders"."status" = ?[0m  [["status", true]]
  [1m[35m (0.3ms)[0m  [1m[34mSELECT COUNT(*) FROM "orders" WHERE "orders"."status" = ?[0m  [["status", true]]
  [1m[36mOrder Load (0.2ms)[0m  [1m[34mSELECT "orders".* FROM "orders" WHERE "orders"."status" = ?[0m  [["status", true]]
  [1m[35m (0.6ms)[0m  [1m[34mSELECT COUNT(*) FROM "members"[0m
  [1m[36mMember Load (0.1ms)[0m  [1m[34mSELECT "members".* FROM "members"[0m
  Rendered layouts/_footer.html.erb (0.3ms)
  Rendered orders/index.html.erb within layouts/application (64.1ms)
  Rendered layouts/_notifications.html.erb (0.6ms)
Completed 200 OK in 508ms (Views: 271.4ms | ActiveRecord: 14.9ms)


Started GET "/" for 127.0.0.1 at 2018-12-07 12:45:49 +0300
Processing by OrdersController#index as HTML
  [1m[36mUser Load (0.8ms)[0m  [1m[34mSELECT  "users".* FROM "users" WHERE "users"."id" = ? ORDER BY "users"."id" ASC LIMIT ?[0m  [["id", 1], ["LIMIT", 1]]
  Rendering orders/index.html.erb within layouts/application
  Rendered layouts/_header.html.erb (3.6ms)
  [1m[35m (0.2ms)[0m  [1m[34mSELECT SUM("items"."quantity") FROM "items"[0m
  [1m[35m (0.1ms)[0m  [1m[34mSELECT SUM("items"."remaining_quantity") FROM "items"[0m
  [1m[36mCACHE (0.0ms)[0m  [1m[34mSELECT SUM("items"."quantity") FROM "items"[0m
  [1m[36mCACHE (0.0ms)[0m  [1m[34mSELECT SUM("items"."remaining_quantity") FROM "items"[0m
  [1m[35m (0.2ms)[0m  [1m[34mSELECT COUNT(*) FROM "orders" WHERE (expire_at < '2018-12-07') AND "orders"."status" = ?[0m  [["status", true]]
  [1m[35m (0.2ms)[0m  [1m[34mSELECT COUNT(*) FROM "orders" WHERE "orders"."status" = ?[0m  [["status", true]]
  [1m[36mOrder Load (0.2ms)[0m  [1m[34mSELECT "orders".* FROM "orders" WHERE "orders"."status" = ?[0m  [["status", true]]
  [1m[35m (0.1ms)[0m  [1m[34mSELECT COUNT(*) FROM "members"[0m
  [1m[36mMember Load (0.1ms)[0m  [1m[34mSELECT "members".* FROM "members"[0m
  Rendered layouts/_footer.html.erb (0.4ms)
  Rendered orders/index.html.erb within layouts/application (13.9ms)
  Rendered layouts/_notifications.html.erb (0.6ms)
Completed 200 OK in 223ms (Views: 217.2ms | ActiveRecord: 2.0ms)


Started GET "/items" for 127.0.0.1 at 2018-12-07 12:45:51 +0300
Processing by ItemsController#index as HTML
  [1m[36mUser Load (2.7ms)[0m  [1m[34mSELECT  "users".* FROM "users" WHERE "users"."id" = ? ORDER BY "users"."id" ASC LIMIT ?[0m  [["id", 1], ["LIMIT", 1]]
  Rendering items/index.html.erb within layouts/application
  Rendered layouts/_header.html.erb (7.6ms)
  [1m[36mItem Load (0.2ms)[0m  [1m[34mSELECT "items".* FROM "items"[0m
  Rendered layouts/_footer.html.erb (1.3ms)
  Rendered items/index.html.erb within layouts/application (16.7ms)
  Rendered layouts/_notifications.html.erb (1.2ms)
Completed 200 OK in 227ms (Views: 195.3ms | ActiveRecord: 3.0ms)


Started GET "/past_orders" for 127.0.0.1 at 2018-12-07 12:45:53 +0300
Processing by OrdersController#old as HTML
  [1m[36mUser Load (0.3ms)[0m  [1m[34mSELECT  "users".* FROM "users" WHERE "users"."id" = ? ORDER BY "users"."id" ASC LIMIT ?[0m  [["id", 1], ["LIMIT", 1]]
  Rendering orders/old.html.erb within layouts/application
  Rendered layouts/_header.html.erb (3.5ms)
  [1m[36mOrder Load (0.3ms)[0m  [1m[34mSELECT "orders".* FROM "orders" WHERE "orders"."status" = ?[0m  [["status", false]]
  Rendered layouts/_footer.html.erb (0.4ms)
  Rendered orders/old.html.erb within layouts/application (7.7ms)
  Rendered layouts/_notifications.html.erb (0.7ms)
Completed 200 OK in 496ms (Views: 187.6ms | ActiveRecord: 0.6ms)


Started GET "/members/new" for 127.0.0.1 at 2018-12-07 12:45:55 +0300
Processing by MembersController#new as HTML
  [1m[36mUser Load (0.2ms)[0m  [1m[34mSELECT  "users".* FROM "users" WHERE "users"."id" = ? ORDER BY "users"."id" ASC LIMIT ?[0m  [["id", 1], ["LIMIT", 1]]
  Rendering members/new.html.erb within layouts/application
  Rendered layouts/_header.html.erb (6.9ms)
  Rendered layouts/_footer.html.erb (0.4ms)
  Rendered members/new.html.erb within layouts/application (16.6ms)
  Rendered layouts/_notifications.html.erb (1.0ms)
Completed 200 OK in 249ms (Views: 220.2ms | ActiveRecord: 0.7ms)


Started POST "/members" for 127.0.0.1 at 2018-12-07 12:46:12 +0300
Processing by MembersController#create as HTML
  Parameters: {"utf8"=>"✓", "authenticity_token"=>"QHjIoWZIqm7Ds4097jPBLAS0lodZU/GaCpZ1rWr9RoqY42wM4UIVINGWG7KY40YhrTuWFbit7zfuK/y5kR2tKQ==", "member"=>{"name"=>"Tino", "email"=>"yvestinos@gmail.com", "phone"=>"+261344929599"}, "commit"=>"Submit"}
  [1m[36mUser Load (0.8ms)[0m  [1m[34mSELECT  "users".* FROM "users" WHERE "users"."id" = ? ORDER BY "users"."id" ASC LIMIT ?[0m  [["id", 1], ["LIMIT", 1]]
  [1m[35m (0.2ms)[0m  [1m[36mbegin transaction[0m
  [1m[35mSQL (78.8ms)[0m  [1m[32mINSERT INTO "members" ("name", "email", "phone", "created_at", "updated_at") VALUES (?, ?, ?, ?, ?)[0m  [["name", "Tino"], ["email", "yvestinos@gmail.com"], ["phone", "+261344929599"], ["created_at", 2018-12-07 09:46:12 UTC], ["updated_at", 2018-12-07 09:46:12 UTC]]
  [1m[35m (101.3ms)[0m  [1m[36mcommit transaction[0m
Redirected to http://localhost:3000/
Completed 302 Found in 197ms (ActiveRecord: 181.0ms)


Started GET "/" for 127.0.0.1 at 2018-12-07 12:46:12 +0300
Processing by OrdersController#index as HTML
  [1m[36mUser Load (0.3ms)[0m  [1m[34mSELECT  "users".* FROM "users" WHERE "users"."id" = ? ORDER BY "users"."id" ASC LIMIT ?[0m  [["id", 1], ["LIMIT", 1]]
  Rendering orders/index.html.erb within layouts/application
  Rendered layouts/_header.html.erb (3.3ms)
  [1m[35m (0.3ms)[0m  [1m[34mSELECT SUM("items"."quantity") FROM "items"[0m
  [1m[35m (0.7ms)[0m  [1m[34mSELECT SUM("items"."remaining_quantity") FROM "items"[0m
  [1m[36mCACHE (0.0ms)[0m  [1m[34mSELECT SUM("items"."quantity") FROM "items"[0m
  [1m[36mCACHE (0.0ms)[0m  [1m[34mSELECT SUM("items"."remaining_quantity") FROM "items"[0m
  [1m[35m (0.2ms)[0m  [1m[34mSELECT COUNT(*) FROM "orders" WHERE (expire_at < '2018-12-07') AND "orders"."status" = ?[0m  [["status", true]]
  [1m[35m (0.2ms)[0m  [1m[34mSELECT COUNT(*) FROM "orders" WHERE "orders"."status" = ?[0m  [["status", true]]
  [1m[36mOrder Load (0.2ms)[0m  [1m[34mSELECT "orders".* FROM "orders" WHERE "orders"."status" = ?[0m  [["status", true]]
  [1m[35m (0.1ms)[0m  [1m[34mSELECT COUNT(*) FROM "members"[0m
  [1m[36mMember Load (0.2ms)[0m  [1m[34mSELECT "members".* FROM "members"[0m
  Rendered layouts/_footer.html.erb (1.0ms)
  Rendered orders/index.html.erb within layouts/application (21.1ms)
  Rendered layouts/_notifications.html.erb (0.6ms)
Completed 200 OK in 211ms (Views: 206.1ms | ActiveRecord: 2.2ms)


Started GET "/" for 127.0.0.1 at 2018-12-07 12:46:17 +0300
Processing by OrdersController#index as HTML
  [1m[36mUser Load (0.3ms)[0m  [1m[34mSELECT  "users".* FROM "users" WHERE "users"."id" = ? ORDER BY "users"."id" ASC LIMIT ?[0m  [["id", 1], ["LIMIT", 1]]
  Rendering orders/index.html.erb within layouts/application
  Rendered layouts/_header.html.erb (5.2ms)
  [1m[35m (0.2ms)[0m  [1m[34mSELECT SUM("items"."quantity") FROM "items"[0m
  [1m[35m (0.1ms)[0m  [1m[34mSELECT SUM("items"."remaining_quantity") FROM "items"[0m
  [1m[36mCACHE (0.0ms)[0m  [1m[34mSELECT SUM("items"."quantity") FROM "items"[0m
  [1m[36mCACHE (0.0ms)[0m  [1m[34mSELECT SUM("items"."remaining_quantity") FROM "items"[0m
  [1m[35m (0.2ms)[0m  [1m[34mSELECT COUNT(*) FROM "orders" WHERE (expire_at < '2018-12-07') AND "orders"."status" = ?[0m  [["status", true]]
  [1m[35m (0.1ms)[0m  [1m[34mSELECT COUNT(*) FROM "orders" WHERE "orders"."status" = ?[0m  [["status", true]]
  [1m[36mOrder Load (0.1ms)[0m  [1m[34mSELECT "orders".* FROM "orders" WHERE "orders"."status" = ?[0m  [["status", true]]
  [1m[35m (0.1ms)[0m  [1m[34mSELECT COUNT(*) FROM "members"[0m
  [1m[36mMember Load (0.1ms)[0m  [1m[34mSELECT "members".* FROM "members"[0m
  Rendered layouts/_footer.html.erb (0.3ms)
  Rendered orders/index.html.erb within layouts/application (14.5ms)
  Rendered layouts/_notifications.html.erb (0.6ms)
Completed 200 OK in 184ms (Views: 180.7ms | ActiveRecord: 1.4ms)


Started GET "/users/1/edit" for 127.0.0.1 at 2018-12-07 12:46:18 +0300
Processing by UsersController#edit as HTML
  Parameters: {"id"=>"1"}
  [1m[36mUser Load (0.3ms)[0m  [1m[34mSELECT  "users".* FROM "users" WHERE "users"."id" = ? ORDER BY "users"."id" ASC LIMIT ?[0m  [["id", 1], ["LIMIT", 1]]
  [1m[36mUser Load (0.3ms)[0m  [1m[34mSELECT  "users".* FROM "users" WHERE "users"."id" = 1 LIMIT ?[0m  [["LIMIT", 1]]
  Rendering users/edit.html.erb within layouts/application
  Rendered layouts/_header.html.erb (3.3ms)
  Rendered layouts/_footer.html.erb (1.3ms)
  Rendered users/edit.html.erb within layouts/application (13.6ms)
  Rendered layouts/_notifications.html.erb (0.6ms)
Completed 200 OK in 189ms (Views: 177.9ms | ActiveRecord: 0.6ms)


Started PATCH "/users/1" for 127.0.0.1 at 2018-12-07 12:46:37 +0300
Processing by UsersController#update as HTML
  Parameters: {"utf8"=>"✓", "authenticity_token"=>"z9BF3VNomwL4ZfyK4RgdgIDazfuxubEt3v8/zRqM5/AXS+Fw1GIkTOpAagWXyJqNKVXNaVBHr4A6QrbZ4WwMUw==", "user"=>{"name"=>"tinosam", "email"=>"yvestinos@gmail.com", "password"=>"[FILTERED]", "password_confirmation"=>"[FILTERED]"}, "commit"=>"Submit", "id"=>"1"}
  [1m[36mUser Load (0.3ms)[0m  [1m[34mSELECT  "users".* FROM "users" WHERE "users"."id" = ? ORDER BY "users"."id" ASC LIMIT ?[0m  [["id", 1], ["LIMIT", 1]]
  [1m[36mUser Load (0.3ms)[0m  [1m[34mSELECT  "users".* FROM "users" WHERE "users"."id" = 1 LIMIT ?[0m  [["LIMIT", 1]]
  [1m[35m (0.1ms)[0m  [1m[36mbegin transaction[0m
  [1m[36mUser Exists (0.3ms)[0m  [1m[34mSELECT  1 AS one FROM "users" WHERE "users"."email" = ? AND ("users"."id" != ?) LIMIT ?[0m  [["email", "yvestinos@gmail.com"], ["id", 1], ["LIMIT", 1]]
  [1m[35m (0.1ms)[0m  [1m[31mrollback transaction[0m
  Rendering users/edit.html.erb within layouts/application
  Rendered layouts/_header.html.erb (2.0ms)
  Rendered layouts/_footer.html.erb (0.3ms)
  Rendered users/edit.html.erb within layouts/application (5.7ms)
  Rendered layouts/_notifications.html.erb (2.8ms)
Completed 200 OK in 553ms (Views: 169.5ms | ActiveRecord: 1.1ms)


Started PATCH "/users/1" for 127.0.0.1 at 2018-12-07 12:46:50 +0300
Processing by UsersController#update as HTML
  Parameters: {"utf8"=>"✓", "authenticity_token"=>"EuILMRIURYct17pjxgIFvszscr0NnmbijhtJC3numvXKea+clR76yT/yLOyw0oKzZWNyL+xgeE9qpsAfgg5xVg==", "user"=>{"name"=>"tinosam", "email"=>"yvestinos@gmail.com", "password"=>"[FILTERED]", "password_confirmation"=>"[FILTERED]"}, "commit"=>"Submit", "id"=>"1"}
  [1m[36mUser Load (0.2ms)[0m  [1m[34mSELECT  "users".* FROM "users" WHERE "users"."id" = ? ORDER BY "users"."id" ASC LIMIT ?[0m  [["id", 1], ["LIMIT", 1]]
  [1m[36mUser Load (0.3ms)[0m  [1m[34mSELECT  "users".* FROM "users" WHERE "users"."id" = 1 LIMIT ?[0m  [["LIMIT", 1]]
  [1m[35m (0.1ms)[0m  [1m[36mbegin transaction[0m
  [1m[36mUser Exists (0.5ms)[0m  [1m[34mSELECT  1 AS one FROM "users" WHERE "users"."email" = ? AND ("users"."id" != ?) LIMIT ?[0m  [["email", "yvestinos@gmail.com"], ["id", 1], ["LIMIT", 1]]
  [1m[35mSQL (40.2ms)[0m  [1m[33mUPDATE "users" SET "name" = ?, "email" = ?, "encrypted_password" = ?, "updated_at" = ? WHERE "users"."id" = ?[0m  [["name", "tinosam"], ["email", "yvestinos@gmail.com"], ["encrypted_password", "$2a$11$9GUUnfWD6c4W40AeJUoKS.hSyKAZ5IG4bdHGtripjNVbCqE4QwQJe"], ["updated_at", 2018-12-07 09:46:50 UTC], ["id", 1]]
  [1m[35m (267.6ms)[0m  [1m[36mcommit transaction[0m
Redirected to http://localhost:3000/
Completed 302 Found in 505ms (ActiveRecord: 309.0ms)


Started GET "/" for 127.0.0.1 at 2018-12-07 12:46:51 +0300
Processing by OrdersController#index as HTML
  [1m[36mUser Load (0.2ms)[0m  [1m[34mSELECT  "users".* FROM "users" WHERE "users"."id" = ? ORDER BY "users"."id" ASC LIMIT ?[0m  [["id", 1], ["LIMIT", 1]]
Completed 401 Unauthorized in 2ms (ActiveRecord: 0.2ms)


Started GET "/users/sign_in" for 127.0.0.1 at 2018-12-07 12:46:51 +0300
Processing by Devise::SessionsController#new as HTML
  Rendering devise/sessions/new.html.erb within layouts/application
  Rendered devise/sessions/new.html.erb within layouts/application (3.2ms)
  Rendered layouts/_notifications.html.erb (0.8ms)
Completed 200 OK in 152ms (Views: 151.1ms | ActiveRecord: 0.0ms)


Started POST "/users/sign_in" for 127.0.0.1 at 2018-12-07 12:47:02 +0300
Processing by Devise::SessionsController#create as HTML
  Parameters: {"utf8"=>"✓", "authenticity_token"=>"9uyjKipLL/XAptmWbMfXXg+5Q8WTDse6SK3/L5InrnwudweHrUGQu9KDTxkaF1BTpjZDV3Lw2ResEHY7acdF3w==", "user"=>{"email"=>"yvestinos@gmail.com", "password"=>"[FILTERED]", "remember_me"=>"0"}, "commit"=>"Log in"}
  [1m[36mUser Load (0.2ms)[0m  [1m[34mSELECT  "users".* FROM "users" WHERE "users"."email" = ? ORDER BY "users"."id" ASC LIMIT ?[0m  [["email", "yvestinos@gmail.com"], ["LIMIT", 1]]
  [1m[35m (0.1ms)[0m  [1m[36mbegin transaction[0m
  [1m[35mSQL (2.1ms)[0m  [1m[33mUPDATE "users" SET "current_sign_in_at" = ?, "sign_in_count" = ?, "updated_at" = ? WHERE "users"."id" = ?[0m  [["current_sign_in_at", 2018-12-07 09:47:02 UTC], ["sign_in_count", 2], ["updated_at", 2018-12-07 09:47:02 UTC], ["id", 1]]
  [1m[35m (83.3ms)[0m  [1m[36mcommit transaction[0m
Redirected to http://localhost:3000/
Completed 302 Found in 283ms (ActiveRecord: 85.7ms)


Started GET "/" for 127.0.0.1 at 2018-12-07 12:47:02 +0300
Processing by OrdersController#index as HTML
  [1m[36mUser Load (1.5ms)[0m  [1m[34mSELECT  "users".* FROM "users" WHERE "users"."id" = ? ORDER BY "users"."id" ASC LIMIT ?[0m  [["id", 1], ["LIMIT", 1]]
  Rendering orders/index.html.erb within layouts/application
  Rendered layouts/_header.html.erb (2.2ms)
  [1m[35m (0.2ms)[0m  [1m[34mSELECT SUM("items"."quantity") FROM "items"[0m
  [1m[35m (0.1ms)[0m  [1m[34mSELECT SUM("items"."remaining_quantity") FROM "items"[0m
  [1m[36mCACHE (0.0ms)[0m  [1m[34mSELECT SUM("items"."quantity") FROM "items"[0m
  [1m[36mCACHE (0.0ms)[0m  [1m[34mSELECT SUM("items"."remaining_quantity") FROM "items"[0m
  [1m[35m (0.1ms)[0m  [1m[34mSELECT COUNT(*) FROM "orders" WHERE (expire_at < '2018-12-07') AND "orders"."status" = ?[0m  [["status", true]]
  [1m[35m (0.1ms)[0m  [1m[34mSELECT COUNT(*) FROM "orders" WHERE "orders"."status" = ?[0m  [["status", true]]
  [1m[36mOrder Load (0.1ms)[0m  [1m[34mSELECT "orders".* FROM "orders" WHERE "orders"."status" = ?[0m  [["status", true]]
  [1m[35m (0.1ms)[0m  [1m[34mSELECT COUNT(*) FROM "members"[0m
  [1m[36mMember Load (0.1ms)[0m  [1m[34mSELECT "members".* FROM "members"[0m
  Rendered layouts/_footer.html.erb (0.3ms)
  Rendered orders/index.html.erb within layouts/application (11.0ms)
  Rendered layouts/_notifications.html.erb (0.6ms)
Completed 200 OK in 203ms (Views: 195.8ms | ActiveRecord: 2.4ms)


Started GET "/" for 127.0.0.1 at 2018-12-07 12:47:36 +0300
Processing by OrdersController#index as HTML
  [1m[36mUser Load (0.6ms)[0m  [1m[34mSELECT  "users".* FROM "users" WHERE "users"."id" = ? ORDER BY "users"."id" ASC LIMIT ?[0m  [["id", 1], ["LIMIT", 1]]
  Rendering orders/index.html.erb within layouts/application
  Rendered layouts/_header.html.erb (2.0ms)
  [1m[35m (0.8ms)[0m  [1m[34mSELECT SUM("items"."quantity") FROM "items"[0m
  [1m[35m (0.2ms)[0m  [1m[34mSELECT SUM("items"."remaining_quantity") FROM "items"[0m
  [1m[36mCACHE (0.0ms)[0m  [1m[34mSELECT SUM("items"."quantity") FROM "items"[0m
  [1m[36mCACHE (0.0ms)[0m  [1m[34mSELECT SUM("items"."remaining_quantity") FROM "items"[0m
  [1m[35m (0.2ms)[0m  [1m[34mSELECT COUNT(*) FROM "orders" WHERE (expire_at < '2018-12-07') AND "orders"."status" = ?[0m  [["status", true]]
  [1m[35m (0.2ms)[0m  [1m[34mSELECT COUNT(*) FROM "orders" WHERE "orders"."status" = ?[0m  [["status", true]]
  [1m[36mOrder Load (0.2ms)[0m  [1m[34mSELECT "orders".* FROM "orders" WHERE "orders"."status" = ?[0m  [["status", true]]
  [1m[35m (0.5ms)[0m  [1m[34mSELECT COUNT(*) FROM "members"[0m
  [1m[36mMember Load (0.2ms)[0m  [1m[34mSELECT "members".* FROM "members"[0m
  Rendered layouts/_footer.html.erb (0.3ms)
  Rendered orders/index.html.erb within layouts/application (18.2ms)
  Rendered layouts/_notifications.html.erb (2.7ms)
Completed 200 OK in 235ms (Views: 224.7ms | ActiveRecord: 2.9ms)


Started GET "/" for 127.0.0.1 at 2018-12-07 12:47:54 +0300
Processing by OrdersController#index as HTML
  [1m[36mUser Load (1.1ms)[0m  [1m[34mSELECT  "users".* FROM "users" WHERE "users"."id" = ? ORDER BY "users"."id" ASC LIMIT ?[0m  [["id", 1], ["LIMIT", 1]]
  Rendering orders/index.html.erb within layouts/application
  Rendered layouts/_header.html.erb (4.5ms)
  [1m[35m (0.2ms)[0m  [1m[34mSELECT SUM("items"."quantity") FROM "items"[0m
  [1m[35m (0.1ms)[0m  [1m[34mSELECT SUM("items"."remaining_quantity") FROM "items"[0m
  [1m[36mCACHE (0.0ms)[0m  [1m[34mSELECT SUM("items"."quantity") FROM "items"[0m
  [1m[36mCACHE (0.0ms)[0m  [1m[34mSELECT SUM("items"."remaining_quantity") FROM "items"[0m
  [1m[35m (0.2ms)[0m  [1m[34mSELECT COUNT(*) FROM "orders" WHERE (expire_at < '2018-12-07') AND "orders"."status" = ?[0m  [["status", true]]
  [1m[35m (0.1ms)[0m  [1m[34mSELECT COUNT(*) FROM "orders" WHERE "orders"."status" = ?[0m  [["status", true]]
  [1m[36mOrder Load (0.2ms)[0m  [1m[34mSELECT "orders".* FROM "orders" WHERE "orders"."status" = ?[0m  [["status", true]]
  [1m[35m (0.3ms)[0m  [1m[34mSELECT COUNT(*) FROM "members"[0m
  [1m[36mMember Load (0.2ms)[0m  [1m[34mSELECT "members".* FROM "members"[0m
  Rendered layouts/_footer.html.erb (1.0ms)
  Rendered orders/index.html.erb within layouts/application (23.5ms)
  Rendered layouts/_notifications.html.erb (0.6ms)
Completed 200 OK in 263ms (Views: 256.6ms | ActiveRecord: 2.5ms)


Started GET "/items" for 127.0.0.1 at 2018-12-07 12:51:23 +0300
Processing by ItemsController#index as HTML
  [1m[36mUser Load (0.3ms)[0m  [1m[34mSELECT  "users".* FROM "users" WHERE "users"."id" = ? ORDER BY "users"."id" ASC LIMIT ?[0m  [["id", 1], ["LIMIT", 1]]
  Rendering items/index.html.erb within layouts/application
  Rendered layouts/_header.html.erb (7.2ms)
  [1m[36mItem Load (0.5ms)[0m  [1m[34mSELECT "items".* FROM "items"[0m
  Rendered layouts/_footer.html.erb (0.6ms)
  Rendered items/index.html.erb within layouts/application (20.2ms)
  Rendered layouts/_notifications.html.erb (1.5ms)
Completed 200 OK in 215ms (Views: 210.4ms | ActiveRecord: 0.8ms)


Started GET "/members/new" for 127.0.0.1 at 2018-12-07 12:51:26 +0300
Processing by MembersController#new as HTML
  [1m[36mUser Load (0.3ms)[0m  [1m[34mSELECT  "users".* FROM "users" WHERE "users"."id" = ? ORDER BY "users"."id" ASC LIMIT ?[0m  [["id", 1], ["LIMIT", 1]]
  Rendering members/new.html.erb within layouts/application
  Rendered layouts/_header.html.erb (2.3ms)
  Rendered layouts/_footer.html.erb (0.4ms)
  Rendered members/new.html.erb within layouts/application (6.4ms)
  Rendered layouts/_notifications.html.erb (2.2ms)
Completed 200 OK in 170ms (Views: 166.1ms | ActiveRecord: 0.3ms)


Started GET "/items" for 127.0.0.1 at 2018-12-07 12:52:42 +0300
Processing by ItemsController#index as HTML
  [1m[36mUser Load (13.7ms)[0m  [1m[34mSELECT  "users".* FROM "users" WHERE "users"."id" = ? ORDER BY "users"."id" ASC LIMIT ?[0m  [["id", 1], ["LIMIT", 1]]
  Rendering items/index.html.erb within layouts/application
  Rendered layouts/_header.html.erb (20.5ms)
  [1m[36mItem Load (0.6ms)[0m  [1m[34mSELECT "items".* FROM "items"[0m
  Rendered layouts/_footer.html.erb (2.2ms)
  Rendered items/index.html.erb within layouts/application (30.5ms)
  Rendered layouts/_notifications.html.erb (0.6ms)
Completed 200 OK in 255ms (Views: 227.0ms | ActiveRecord: 14.3ms)


Started GET "/users/sign_in" for 127.0.0.1 at 2018-12-07 12:56:09 +0300
Processing by Devise::SessionsController#new as HTML
  [1m[36mUser Load (0.4ms)[0m  [1m[34mSELECT  "users".* FROM "users" WHERE "users"."id" = ? ORDER BY "users"."id" ASC LIMIT ?[0m  [["id", 1], ["LIMIT", 1]]
Redirected to http://localhost:3000/
Filter chain halted as :require_no_authentication rendered or redirected
Completed 302 Found in 16ms (ActiveRecord: 0.4ms)


Started GET "/" for 127.0.0.1 at 2018-12-07 12:56:09 +0300
Processing by OrdersController#index as HTML
  [1m[36mUser Load (0.3ms)[0m  [1m[34mSELECT  "users".* FROM "users" WHERE "users"."id" = ? ORDER BY "users"."id" ASC LIMIT ?[0m  [["id", 1], ["LIMIT", 1]]
  Rendering orders/index.html.erb within layouts/application
  Rendered layouts/_header.html.erb (4.2ms)
  [1m[35m (26.0ms)[0m  [1m[34mSELECT SUM("items"."quantity") FROM "items"[0m
  [1m[35m (0.2ms)[0m  [1m[34mSELECT SUM("items"."remaining_quantity") FROM "items"[0m
  [1m[36mCACHE (0.0ms)[0m  [1m[34mSELECT SUM("items"."quantity") FROM "items"[0m
  [1m[36mCACHE (0.0ms)[0m  [1m[34mSELECT SUM("items"."remaining_quantity") FROM "items"[0m
  [1m[35m (0.2ms)[0m  [1m[34mSELECT COUNT(*) FROM "orders" WHERE (expire_at < '2018-12-07') AND "orders"."status" = ?[0m  [["status", true]]
  [1m[35m (0.2ms)[0m  [1m[34mSELECT COUNT(*) FROM "orders" WHERE "orders"."status" = ?[0m  [["status", true]]
  [1m[36mOrder Load (0.2ms)[0m  [1m[34mSELECT "orders".* FROM "orders" WHERE "orders"."status" = ?[0m  [["status", true]]
  [1m[35m (0.3ms)[0m  [1m[34mSELECT COUNT(*) FROM "members"[0m
  [1m[36mMember Load (0.8ms)[0m  [1m[34mSELECT "members".* FROM "members"[0m
  Rendered layouts/_footer.html.erb (0.4ms)
  Rendered orders/index.html.erb within layouts/application (94.6ms)
  Rendered layouts/_notifications.html.erb (0.6ms)
Completed 200 OK in 679ms (Views: 625.1ms | ActiveRecord: 28.1ms)


Started GET "/members/new" for 127.0.0.1 at 2018-12-07 12:56:17 +0300
Processing by MembersController#new as HTML
  [1m[36mUser Load (0.4ms)[0m  [1m[34mSELECT  "users".* FROM "users" WHERE "users"."id" = ? ORDER BY "users"."id" ASC LIMIT ?[0m  [["id", 1], ["LIMIT", 1]]
  Rendering members/new.html.erb within layouts/application
  Rendered layouts/_header.html.erb (2.1ms)
  Rendered layouts/_footer.html.erb (0.3ms)
  Rendered members/new.html.erb within layouts/application (5.6ms)
  Rendered layouts/_notifications.html.erb (0.8ms)
Completed 200 OK in 199ms (Views: 171.6ms | ActiveRecord: 0.4ms)


Started GET "/items" for 127.0.0.1 at 2018-12-07 12:56:20 +0300
Processing by ItemsController#index as HTML
  [1m[36mUser Load (0.2ms)[0m  [1m[34mSELECT  "users".* FROM "users" WHERE "users"."id" = ? ORDER BY "users"."id" ASC LIMIT ?[0m  [["id", 1], ["LIMIT", 1]]
  Rendering items/index.html.erb within layouts/application
  Rendered layouts/_header.html.erb (2.1ms)
  [1m[36mItem Load (26.1ms)[0m  [1m[34mSELECT "items".* FROM "items"[0m
  Rendered layouts/_footer.html.erb (0.5ms)
  Rendered items/index.html.erb within layouts/application (33.5ms)
  Rendered layouts/_notifications.html.erb (0.8ms)
Completed 200 OK in 199ms (Views: 170.4ms | ActiveRecord: 26.3ms)


Started GET "/" for 127.0.0.1 at 2018-12-07 12:56:30 +0300
Processing by OrdersController#index as HTML
  [1m[36mUser Load (0.2ms)[0m  [1m[34mSELECT  "users".* FROM "users" WHERE "users"."id" = ? ORDER BY "users"."id" ASC LIMIT ?[0m  [["id", 1], ["LIMIT", 1]]
  Rendering orders/index.html.erb within layouts/application
  Rendered layouts/_header.html.erb (6.3ms)
  [1m[35m (0.2ms)[0m  [1m[34mSELECT SUM("items"."quantity") FROM "items"[0m
  [1m[35m (0.6ms)[0m  [1m[34mSELECT SUM("items"."remaining_quantity") FROM "items"[0m
  [1m[36mCACHE (0.0ms)[0m  [1m[34mSELECT SUM("items"."quantity") FROM "items"[0m
  [1m[36mCACHE (0.0ms)[0m  [1m[34mSELECT SUM("items"."remaining_quantity") FROM "items"[0m
  [1m[35m (0.2ms)[0m  [1m[34mSELECT COUNT(*) FROM "orders" WHERE (expire_at < '2018-12-07') AND "orders"."status" = ?[0m  [["status", true]]
  [1m[35m (0.1ms)[0m  [1m[34mSELECT COUNT(*) FROM "orders" WHERE "orders"."status" = ?[0m  [["status", true]]
  [1m[36mOrder Load (0.1ms)[0m  [1m[34mSELECT "orders".* FROM "orders" WHERE "orders"."status" = ?[0m  [["status", true]]
  [1m[35m (0.1ms)[0m  [1m[34mSELECT COUNT(*) FROM "members"[0m
  [1m[36mMember Load (0.1ms)[0m  [1m[34mSELECT "members".* FROM "members"[0m
  Rendered layouts/_footer.html.erb (0.5ms)
  Rendered orders/index.html.erb within layouts/application (16.6ms)
  Rendered layouts/_notifications.html.erb (0.7ms)
Completed 200 OK in 230ms (Views: 225.5ms | ActiveRecord: 1.6ms)


Started GET "/items" for 127.0.0.1 at 2018-12-07 12:56:40 +0300
Processing by ItemsController#index as HTML
  [1m[36mUser Load (0.2ms)[0m  [1m[34mSELECT  "users".* FROM "users" WHERE "users"."id" = ? ORDER BY "users"."id" ASC LIMIT ?[0m  [["id", 1], ["LIMIT", 1]]
  Rendering items/index.html.erb within layouts/application
  Rendered layouts/_header.html.erb (2.4ms)
  [1m[36mItem Load (0.2ms)[0m  [1m[34mSELECT "items".* FROM "items"[0m
  Rendered layouts/_footer.html.erb (0.6ms)
  Rendered items/index.html.erb within layouts/application (6.3ms)
  Rendered layouts/_notifications.html.erb (0.6ms)
Completed 200 OK in 189ms (Views: 186.3ms | ActiveRecord: 0.4ms)


Started GET "/past_orders" for 127.0.0.1 at 2018-12-07 12:56:42 +0300
Processing by OrdersController#old as HTML
  [1m[36mUser Load (0.5ms)[0m  [1m[34mSELECT  "users".* FROM "users" WHERE "users"."id" = ? ORDER BY "users"."id" ASC LIMIT ?[0m  [["id", 1], ["LIMIT", 1]]
  Rendering orders/old.html.erb within layouts/application
  Rendered layouts/_header.html.erb (2.2ms)
  [1m[36mOrder Load (0.2ms)[0m  [1m[34mSELECT "orders".* FROM "orders" WHERE "orders"."status" = ?[0m  [["status", false]]
  Rendered layouts/_footer.html.erb (0.4ms)
  Rendered orders/old.html.erb within layouts/application (5.7ms)
  Rendered layouts/_notifications.html.erb (1.3ms)
Completed 200 OK in 199ms (Views: 188.5ms | ActiveRecord: 0.7ms)


Started GET "/" for 127.0.0.1 at 2018-12-07 12:56:44 +0300
Processing by OrdersController#index as HTML
  [1m[36mUser Load (0.3ms)[0m  [1m[34mSELECT  "users".* FROM "users" WHERE "users"."id" = ? ORDER BY "users"."id" ASC LIMIT ?[0m  [["id", 1], ["LIMIT", 1]]
  Rendering orders/index.html.erb within layouts/application
  Rendered layouts/_header.html.erb (2.9ms)
  [1m[35m (0.7ms)[0m  [1m[34mSELECT SUM("items"."quantity") FROM "items"[0m
  [1m[35m (0.2ms)[0m  [1m[34mSELECT SUM("items"."remaining_quantity") FROM "items"[0m
  [1m[36mCACHE (0.0ms)[0m  [1m[34mSELECT SUM("items"."quantity") FROM "items"[0m
  [1m[36mCACHE (0.0ms)[0m  [1m[34mSELECT SUM("items"."remaining_quantity") FROM "items"[0m
  [1m[35m (0.2ms)[0m  [1m[34mSELECT COUNT(*) FROM "orders" WHERE (expire_at < '2018-12-07') AND "orders"."status" = ?[0m  [["status", true]]
  [1m[35m (0.1ms)[0m  [1m[34mSELECT COUNT(*) FROM "orders" WHERE "orders"."status" = ?[0m  [["status", true]]
  [1m[36mOrder Load (0.2ms)[0m  [1m[34mSELECT "orders".* FROM "orders" WHERE "orders"."status" = ?[0m  [["status", true]]
  [1m[35m (0.1ms)[0m  [1m[34mSELECT COUNT(*) FROM "members"[0m
  [1m[36mMember Load (0.1ms)[0m  [1m[34mSELECT "members".* FROM "members"[0m
  Rendered layouts/_footer.html.erb (0.4ms)
  Rendered orders/index.html.erb within layouts/application (18.4ms)
  Rendered layouts/_notifications.html.erb (2.1ms)
Completed 200 OK in 196ms (Views: 190.8ms | ActiveRecord: 2.0ms)


Started GET "/" for 127.0.0.1 at 2018-12-07 13:00:30 +0300
Processing by OrdersController#index as HTML
  [1m[36mUser Load (0.8ms)[0m  [1m[34mSELECT  "users".* FROM "users" WHERE "users"."id" = ? ORDER BY "users"."id" ASC LIMIT ?[0m  [["id", 1], ["LIMIT", 1]]
  Rendering orders/index.html.erb within layouts/application
  Rendered layouts/_header.html.erb (4.7ms)
  [1m[35m (0.4ms)[0m  [1m[34mSELECT SUM("items"."quantity") FROM "items"[0m
  [1m[35m (0.5ms)[0m  [1m[34mSELECT SUM("items"."remaining_quantity") FROM "items"[0m
  [1m[36mCACHE (0.0ms)[0m  [1m[34mSELECT SUM("items"."quantity") FROM "items"[0m
  [1m[36mCACHE (0.0ms)[0m  [1m[34mSELECT SUM("items"."remaining_quantity") FROM "items"[0m
  [1m[35m (0.3ms)[0m  [1m[34mSELECT COUNT(*) FROM "orders" WHERE (expire_at < '2018-12-07') AND "orders"."status" = ?[0m  [["status", true]]
  [1m[35m (0.6ms)[0m  [1m[34mSELECT COUNT(*) FROM "orders" WHERE "orders"."status" = ?[0m  [["status", true]]
  [1m[36mOrder Load (0.5ms)[0m  [1m[34mSELECT "orders".* FROM "orders" WHERE "orders"."status" = ?[0m  [["status", true]]
  [1m[35m (0.2ms)[0m  [1m[34mSELECT COUNT(*) FROM "members"[0m
  [1m[36mMember Load (0.3ms)[0m  [1m[34mSELECT "members".* FROM "members"[0m
  Rendered layouts/_footer.html.erb (0.5ms)
  Rendered orders/index.html.erb within layouts/application (27.5ms)
  Rendered layouts/_notifications.html.erb (2.1ms)
Completed 200 OK in 259ms (Views: 251.1ms | ActiveRecord: 3.6ms)


Started GET "/" for 127.0.0.1 at 2018-12-07 13:00:32 +0300
Processing by OrdersController#index as HTML
  [1m[36mUser Load (0.3ms)[0m  [1m[34mSELECT  "users".* FROM "users" WHERE "users"."id" = ? ORDER BY "users"."id" ASC LIMIT ?[0m  [["id", 1], ["LIMIT", 1]]
  Rendering orders/index.html.erb within layouts/application
  Rendered layouts/_header.html.erb (4.2ms)
  [1m[35m (0.3ms)[0m  [1m[34mSELECT SUM("items"."quantity") FROM "items"[0m
  [1m[35m (0.2ms)[0m  [1m[34mSELECT SUM("items"."remaining_quantity") FROM "items"[0m
  [1m[36mCACHE (0.0ms)[0m  [1m[34mSELECT SUM("items"."quantity") FROM "items"[0m
  [1m[36mCACHE (0.0ms)[0m  [1m[34mSELECT SUM("items"."remaining_quantity") FROM "items"[0m
  [1m[35m (0.2ms)[0m  [1m[34mSELECT COUNT(*) FROM "orders" WHERE (expire_at < '2018-12-07') AND "orders"."status" = ?[0m  [["status", true]]
  [1m[35m (0.2ms)[0m  [1m[34mSELECT COUNT(*) FROM "orders" WHERE "orders"."status" = ?[0m  [["status", true]]
  [1m[36mOrder Load (0.2ms)[0m  [1m[34mSELECT "orders".* FROM "orders" WHERE "orders"."status" = ?[0m  [["status", true]]
  [1m[35m (0.2ms)[0m  [1m[34mSELECT COUNT(*) FROM "members"[0m
  [1m[36mMember Load (0.2ms)[0m  [1m[34mSELECT "members".* FROM "members"[0m
  Rendered layouts/_footer.html.erb (0.5ms)
  Rendered orders/index.html.erb within layouts/application (16.1ms)
  Rendered layouts/_notifications.html.erb (0.9ms)
Completed 200 OK in 209ms (Views: 203.8ms | ActiveRecord: 1.8ms)


Started GET "/past_orders" for 127.0.0.1 at 2018-12-07 13:00:34 +0300
Processing by OrdersController#old as HTML
  [1m[36mUser Load (0.3ms)[0m  [1m[34mSELECT  "users".* FROM "users" WHERE "users"."id" = ? ORDER BY "users"."id" ASC LIMIT ?[0m  [["id", 1], ["LIMIT", 1]]
  Rendering orders/old.html.erb within layouts/application
  Rendered layouts/_header.html.erb (2.7ms)
  [1m[36mOrder Load (1.0ms)[0m  [1m[34mSELECT "orders".* FROM "orders" WHERE "orders"."status" = ?[0m  [["status", false]]
  Rendered layouts/_footer.html.erb (2.2ms)
  Rendered orders/old.html.erb within layouts/application (11.2ms)
  Rendered layouts/_notifications.html.erb (0.8ms)
Completed 200 OK in 193ms (Views: 188.7ms | ActiveRecord: 1.3ms)


Started GET "/items/new" for 127.0.0.1 at 2018-12-07 13:00:36 +0300
Processing by ItemsController#new as HTML
  [1m[36mUser Load (0.3ms)[0m  [1m[34mSELECT  "users".* FROM "users" WHERE "users"."id" = ? ORDER BY "users"."id" ASC LIMIT ?[0m  [["id", 1], ["LIMIT", 1]]
  Rendering items/new.html.erb within layouts/application
  Rendered layouts/_header.html.erb (4.0ms)
  Rendered items/new.html.erb within layouts/application (1194.5ms)
  Rendered layouts/_notifications.html.erb (0.9ms)
Completed 200 OK in 1487ms (Views: 1448.7ms | ActiveRecord: 11.2ms)


Started GET "/" for 127.0.0.1 at 2018-12-07 13:44:57 +0300
  [1m[36mActiveRecord::SchemaMigration Load (0.2ms)[0m  [1m[34mSELECT "schema_migrations".* FROM "schema_migrations"[0m
Processing by OrdersController#index as HTML
  [1m[36mUser Load (0.2ms)[0m  [1m[34mSELECT  "users".* FROM "users" WHERE "users"."id" = ? ORDER BY "users"."id" ASC LIMIT ?[0m  [["id", 1], ["LIMIT", 1]]
Started GET "/" for 127.0.0.1 at 2018-12-07 13:44:58 +0300
Processing by OrdersController#index as HTML
  [1m[36mUser Load (0.7ms)[0m  [1m[34mSELECT  "users".* FROM "users" WHERE "users"."id" = ? ORDER BY "users"."id" ASC LIMIT ?[0m  [["id", 1], ["LIMIT", 1]]
  Rendering orders/index.html.erb within layouts/application
  Rendering orders/index.html.erb within layouts/application
  Rendered layouts/_header.html.erb (4040.4ms)
  [1m[35m (0.2ms)[0m  [1m[34mSELECT SUM("items"."quantity") FROM "items"[0m
  [1m[35m (0.1ms)[0m  [1m[34mSELECT SUM("items"."remaining_quantity") FROM "items"[0m
  [1m[36mCACHE (0.0ms)[0m  [1m[34mSELECT SUM("items"."quantity") FROM "items"[0m
  Rendered layouts/_header.html.erb (4113.4ms)
  [1m[36mCACHE (0.0ms)[0m  [1m[34mSELECT SUM("items"."remaining_quantity") FROM "items"[0m
  [1m[35m (0.2ms)[0m  [1m[34mSELECT SUM("items"."quantity") FROM "items"[0m
  [1m[35m (0.3ms)[0m  [1m[34mSELECT COUNT(*) FROM "orders" WHERE (expire_at < '2018-12-07') AND "orders"."status" = ?[0m  [["status", true]]
  [1m[35m (0.5ms)[0m  [1m[34mSELECT SUM("items"."remaining_quantity") FROM "items"[0m
  [1m[35m (0.2ms)[0m  [1m[34mSELECT COUNT(*) FROM "orders" WHERE "orders"."status" = ?[0m  [["status", true]]
  [1m[36mCACHE (0.0ms)[0m  [1m[34mSELECT SUM("items"."quantity") FROM "items"[0m
  [1m[36mOrder Load (0.1ms)[0m  [1m[34mSELECT "orders".* FROM "orders" WHERE "orders"."status" = ?[0m  [["status", true]]
  [1m[36mCACHE (0.0ms)[0m  [1m[34mSELECT SUM("items"."remaining_quantity") FROM "items"[0m
  [1m[35m (0.1ms)[0m  [1m[34mSELECT COUNT(*) FROM "members"[0m
  [1m[35m (0.1ms)[0m  [1m[34mSELECT COUNT(*) FROM "orders" WHERE (expire_at < '2018-12-07') AND "orders"."status" = ?[0m  [["status", true]]
  [1m[36mMember Load (0.1ms)[0m  [1m[34mSELECT "members".* FROM "members"[0m
  [1m[35m (0.1ms)[0m  [1m[34mSELECT COUNT(*) FROM "orders" WHERE "orders"."status" = ?[0m  [["status", true]]
  [1m[36mOrder Load (0.6ms)[0m  [1m[34mSELECT "orders".* FROM "orders" WHERE "orders"."status" = ?[0m  [["status", true]]
  [1m[35m (0.1ms)[0m  [1m[34mSELECT COUNT(*) FROM "members"[0m
  [1m[36mMember Load (0.1ms)[0m  [1m[34mSELECT "members".* FROM "members"[0m
  Rendered layouts/_footer.html.erb (0.5ms)
  Rendered orders/index.html.erb within layouts/application (4181.6ms)
  Rendered layouts/_footer.html.erb (0.0ms)
  Rendered orders/index.html.erb within layouts/application (4166.0ms)
  Rendered layouts/_notifications.html.erb (1.1ms)
Completed 200 OK in 7718ms (Views: 7165.0ms | ActiveRecord: 3.5ms)


  Rendered layouts/_notifications.html.erb (0.1ms)
Completed 200 OK in 7310ms (Views: 7157.8ms | ActiveRecord: 3.1ms)


Started DELETE "/users/sign_out" for 127.0.0.1 at 2018-12-07 13:45:10 +0300
Processing by Devise::SessionsController#destroy as HTML
  Parameters: {"authenticity_token"=>"LtvSgeZLYrEER/Z+blXhcfbVthsilcFrVDxn0aXwn8wbn4Q0jdRraYImY03W5D5Js1/+HXV5wGX6iIlj8Zk20Q=="}
  [1m[36mUser Load (1.2ms)[0m  [1m[34mSELECT  "users".* FROM "users" WHERE "users"."id" = ? ORDER BY "users"."id" ASC LIMIT ?[0m  [["id", 1], ["LIMIT", 1]]
  [1m[35m (0.1ms)[0m  [1m[36mbegin transaction[0m
  [1m[35m (0.1ms)[0m  [1m[36mcommit transaction[0m
Redirected to http://localhost:3000/
Completed 302 Found in 313ms (ActiveRecord: 1.4ms)


Started GET "/" for 127.0.0.1 at 2018-12-07 13:45:10 +0300
Processing by OrdersController#index as HTML
Completed 401 Unauthorized in 9ms (ActiveRecord: 0.0ms)


Started GET "/users/sign_in" for 127.0.0.1 at 2018-12-07 13:45:10 +0300
Processing by Devise::SessionsController#new as HTML
  Rendering devise/sessions/new.html.erb within layouts/application
  Rendered devise/sessions/new.html.erb within layouts/application (164.7ms)
  Rendered layouts/_notifications.html.erb (0.7ms)
Completed 200 OK in 486ms (Views: 443.8ms | ActiveRecord: 0.0ms)


Started GET "/users/sign_in" for 127.0.0.1 at 2018-12-07 13:46:38 +0300
Processing by Devise::SessionsController#new as HTML
  Rendering devise/sessions/new.html.erb within layouts/application
  Rendered devise/sessions/new.html.erb within layouts/application (5.2ms)
  Rendered layouts/_notifications.html.erb (1.3ms)
Completed 200 OK in 356ms (Views: 354.5ms | ActiveRecord: 0.0ms)


Started GET "/users/sign_in" for 127.0.0.1 at 2018-12-07 13:47:21 +0300
Processing by Devise::SessionsController#new as HTML
  Rendering devise/sessions/new.html.erb within layouts/application
  Rendered devise/sessions/new.html.erb within layouts/application (3.7ms)
  Rendered layouts/_notifications.html.erb (1.2ms)
Completed 200 OK in 277ms (Views: 275.0ms | ActiveRecord: 0.0ms)


Started GET "/users/sign_in" for 127.0.0.1 at 2018-12-07 13:47:35 +0300
Processing by Devise::SessionsController#new as HTML
  Rendering devise/sessions/new.html.erb within layouts/application
  Rendered devise/sessions/new.html.erb within layouts/application (4.5ms)
  Rendered layouts/_notifications.html.erb (0.7ms)
Completed 200 OK in 291ms (Views: 280.6ms | ActiveRecord: 0.0ms)


Started GET "/users/sign_in" for 127.0.0.1 at 2018-12-07 13:48:08 +0300
Processing by Devise::SessionsController#new as HTML
  Rendering devise/sessions/new.html.erb within layouts/application
  Rendered devise/sessions/new.html.erb within layouts/application (2.0ms)
  Rendered layouts/_notifications.html.erb (1.2ms)
Completed 200 OK in 262ms (Views: 260.8ms | ActiveRecord: 0.0ms)


Started GET "/users/sign_in" for 127.0.0.1 at 2018-12-07 13:48:25 +0300
Processing by Devise::SessionsController#new as HTML
  Rendering devise/sessions/new.html.erb within layouts/application
  Rendered devise/sessions/new.html.erb within layouts/application (2.0ms)
  Rendered layouts/_notifications.html.erb (0.8ms)
Completed 200 OK in 276ms (Views: 274.5ms | ActiveRecord: 0.0ms)


Started POST "/users/sign_in" for 127.0.0.1 at 2018-12-07 13:48:50 +0300
Processing by Devise::SessionsController#create as HTML
  Parameters: {"utf8"=>"✓", "authenticity_token"=>"1DNODytqReL4Qoijfnhc/zi0UQPpDEUuxDBu5F8Tye/1VS4f0Pu/MwD0OkMDdR/3rKvGnoklSEbCaN/xUqk+dA==", "user"=>{"email"=>"yvestinos@gmail.com", "password"=>"[FILTERED]", "remember_me"=>"0"}, "commit"=>"S'identifier"}
  [1m[36mUser Load (0.2ms)[0m  [1m[34mSELECT  "users".* FROM "users" WHERE "users"."email" = ? ORDER BY "users"."id" ASC LIMIT ?[0m  [["email", "yvestinos@gmail.com"], ["LIMIT", 1]]
  [1m[35m (0.1ms)[0m  [1m[36mbegin transaction[0m
  [1m[35mSQL (37.6ms)[0m  [1m[33mUPDATE "users" SET "current_sign_in_at" = ?, "last_sign_in_at" = ?, "sign_in_count" = ?, "updated_at" = ? WHERE "users"."id" = ?[0m  [["current_sign_in_at", 2018-12-07 10:48:51 UTC], ["last_sign_in_at", 2018-12-07 09:47:02 UTC], ["sign_in_count", 3], ["updated_at", 2018-12-07 10:48:51 UTC], ["id", 1]]
  [1m[35m (229.7ms)[0m  [1m[36mcommit transaction[0m
Redirected to http://localhost:3000/
Completed 302 Found in 799ms (ActiveRecord: 267.6ms)


Started GET "/" for 127.0.0.1 at 2018-12-07 13:48:51 +0300
Processing by OrdersController#index as HTML
  [1m[36mUser Load (0.2ms)[0m  [1m[34mSELECT  "users".* FROM "users" WHERE "users"."id" = ? ORDER BY "users"."id" ASC LIMIT ?[0m  [["id", 1], ["LIMIT", 1]]
  Rendering orders/index.html.erb within layouts/application
  Rendered layouts/_header.html.erb (2.1ms)
  [1m[35m (0.2ms)[0m  [1m[34mSELECT SUM("items"."quantity") FROM "items"[0m
  [1m[35m (0.2ms)[0m  [1m[34mSELECT SUM("items"."remaining_quantity") FROM "items"[0m
  [1m[36mCACHE (0.1ms)[0m  [1m[34mSELECT SUM("items"."quantity") FROM "items"[0m
  [1m[36mCACHE (0.0ms)[0m  [1m[34mSELECT SUM("items"."remaining_quantity") FROM "items"[0m
  [1m[35m (0.2ms)[0m  [1m[34mSELECT COUNT(*) FROM "orders" WHERE (expire_at < '2018-12-07') AND "orders"."status" = ?[0m  [["status", true]]
  [1m[35m (0.5ms)[0m  [1m[34mSELECT COUNT(*) FROM "orders" WHERE "orders"."status" = ?[0m  [["status", true]]
  [1m[36mOrder Load (0.1ms)[0m  [1m[34mSELECT "orders".* FROM "orders" WHERE "orders"."status" = ?[0m  [["status", true]]
  [1m[35m (0.1ms)[0m  [1m[34mSELECT COUNT(*) FROM "members"[0m
  [1m[36mMember Load (0.1ms)[0m  [1m[34mSELECT "members".* FROM "members"[0m
  Rendered layouts/_footer.html.erb (0.3ms)
  Rendered orders/index.html.erb within layouts/application (16.6ms)
  Rendered layouts/_notifications.html.erb (0.9ms)
Completed 200 OK in 124ms (Views: 118.9ms | ActiveRecord: 1.7ms)


Started GET "/" for 127.0.0.1 at 2018-12-07 13:49:18 +0300
Processing by OrdersController#index as HTML
  [1m[36mUser Load (0.3ms)[0m  [1m[34mSELECT  "users".* FROM "users" WHERE "users"."id" = ? ORDER BY "users"."id" ASC LIMIT ?[0m  [["id", 1], ["LIMIT", 1]]
  Rendering orders/index.html.erb within layouts/application
  Rendered layouts/_header.html.erb (6.6ms)
  [1m[35m (0.2ms)[0m  [1m[34mSELECT SUM("items"."quantity") FROM "items"[0m
  [1m[35m (0.5ms)[0m  [1m[34mSELECT SUM("items"."remaining_quantity") FROM "items"[0m
  [1m[36mCACHE (0.1ms)[0m  [1m[34mSELECT SUM("items"."quantity") FROM "items"[0m
  [1m[36mCACHE (0.0ms)[0m  [1m[34mSELECT SUM("items"."remaining_quantity") FROM "items"[0m
  [1m[35m (0.2ms)[0m  [1m[34mSELECT COUNT(*) FROM "orders" WHERE (expire_at < '2018-12-07') AND "orders"."status" = ?[0m  [["status", true]]
  [1m[35m (0.2ms)[0m  [1m[34mSELECT COUNT(*) FROM "orders" WHERE "orders"."status" = ?[0m  [["status", true]]
  [1m[36mOrder Load (0.2ms)[0m  [1m[34mSELECT "orders".* FROM "orders" WHERE "orders"."status" = ?[0m  [["status", true]]
  [1m[35m (0.1ms)[0m  [1m[34mSELECT COUNT(*) FROM "members"[0m
  [1m[36mMember Load (0.2ms)[0m  [1m[34mSELECT "members".* FROM "members"[0m
  Rendered layouts/_footer.html.erb (1.5ms)
  Rendered orders/index.html.erb within layouts/application (35.1ms)
  Rendered layouts/_notifications.html.erb (0.6ms)
Completed 200 OK in 273ms (Views: 267.1ms | ActiveRecord: 1.9ms)


Started GET "/" for 127.0.0.1 at 2018-12-07 13:51:37 +0300
Processing by OrdersController#index as HTML
  [1m[36mUser Load (0.8ms)[0m  [1m[34mSELECT  "users".* FROM "users" WHERE "users"."id" = ? ORDER BY "users"."id" ASC LIMIT ?[0m  [["id", 1], ["LIMIT", 1]]
  Rendering orders/index.html.erb within layouts/application
  Rendered layouts/_header.html.erb (4.8ms)
  [1m[35m (0.2ms)[0m  [1m[34mSELECT SUM("items"."quantity") FROM "items"[0m
  [1m[35m (0.1ms)[0m  [1m[34mSELECT SUM("items"."remaining_quantity") FROM "items"[0m
  [1m[36mCACHE (0.0ms)[0m  [1m[34mSELECT SUM("items"."quantity") FROM "items"[0m
  [1m[36mCACHE (0.0ms)[0m  [1m[34mSELECT SUM("items"."remaining_quantity") FROM "items"[0m
  [1m[35m (0.2ms)[0m  [1m[34mSELECT COUNT(*) FROM "orders" WHERE (expire_at < '2018-12-07') AND "orders"."status" = ?[0m  [["status", true]]
  [1m[35m (0.2ms)[0m  [1m[34mSELECT COUNT(*) FROM "orders" WHERE "orders"."status" = ?[0m  [["status", true]]
  [1m[36mOrder Load (0.2ms)[0m  [1m[34mSELECT "orders".* FROM "orders" WHERE "orders"."status" = ?[0m  [["status", true]]
  [1m[35m (0.1ms)[0m  [1m[34mSELECT COUNT(*) FROM "members"[0m
  [1m[36mMember Load (0.2ms)[0m  [1m[34mSELECT "members".* FROM "members"[0m
  Rendered layouts/_footer.html.erb (0.5ms)
  Rendered orders/index.html.erb within layouts/application (24.7ms)
  Rendered layouts/_notifications.html.erb (0.8ms)
Completed 200 OK in 283ms (Views: 264.0ms | ActiveRecord: 2.1ms)


Started GET "/items" for 127.0.0.1 at 2018-12-07 13:51:42 +0300
Processing by ItemsController#index as HTML
  [1m[36mUser Load (0.4ms)[0m  [1m[34mSELECT  "users".* FROM "users" WHERE "users"."id" = ? ORDER BY "users"."id" ASC LIMIT ?[0m  [["id", 1], ["LIMIT", 1]]
  Rendering items/index.html.erb within layouts/application
  Rendered layouts/_header.html.erb (2.5ms)
  [1m[36mItem Load (2.3ms)[0m  [1m[34mSELECT "items".* FROM "items"[0m
  Rendered layouts/_footer.html.erb (0.8ms)
  Rendered items/index.html.erb within layouts/application (13.9ms)
  Rendered layouts/_notifications.html.erb (0.5ms)
Completed 200 OK in 216ms (Views: 202.0ms | ActiveRecord: 2.6ms)


Started GET "/past_orders" for 127.0.0.1 at 2018-12-07 13:51:47 +0300
Processing by OrdersController#old as HTML
  [1m[36mUser Load (0.3ms)[0m  [1m[34mSELECT  "users".* FROM "users" WHERE "users"."id" = ? ORDER BY "users"."id" ASC LIMIT ?[0m  [["id", 1], ["LIMIT", 1]]
  Rendering orders/old.html.erb within layouts/application
  Rendered layouts/_header.html.erb (3.0ms)
  [1m[36mOrder Load (0.2ms)[0m  [1m[34mSELECT "orders".* FROM "orders" WHERE "orders"."status" = ?[0m  [["status", false]]
  Rendered layouts/_footer.html.erb (0.4ms)
  Rendered orders/old.html.erb within layouts/application (6.7ms)
  Rendered layouts/_notifications.html.erb (0.6ms)
Completed 200 OK in 1388ms (Views: 1166.6ms | ActiveRecord: 0.5ms)


Started GET "/past_orders" for 127.0.0.1 at 2018-12-07 13:52:16 +0300
Processing by OrdersController#old as HTML
  [1m[36mUser Load (0.4ms)[0m  [1m[34mSELECT  "users".* FROM "users" WHERE "users"."id" = ? ORDER BY "users"."id" ASC LIMIT ?[0m  [["id", 1], ["LIMIT", 1]]
  Rendering orders/old.html.erb within layouts/application
  Rendered layouts/_header.html.erb (3.2ms)
  [1m[36mOrder Load (0.7ms)[0m  [1m[34mSELECT "orders".* FROM "orders" WHERE "orders"."status" = ?[0m  [["status", false]]
  Rendered layouts/_footer.html.erb (0.4ms)
  Rendered orders/old.html.erb within layouts/application (9.6ms)
  Rendered layouts/_notifications.html.erb (2.4ms)
Completed 200 OK in 271ms (Views: 262.5ms | ActiveRecord: 1.1ms)


Started GET "/" for 127.0.0.1 at 2018-12-07 13:52:23 +0300
Processing by OrdersController#index as HTML
  [1m[36mUser Load (0.3ms)[0m  [1m[34mSELECT  "users".* FROM "users" WHERE "users"."id" = ? ORDER BY "users"."id" ASC LIMIT ?[0m  [["id", 1], ["LIMIT", 1]]
  Rendering orders/index.html.erb within layouts/application
  Rendered layouts/_header.html.erb (3.1ms)
  [1m[35m (0.2ms)[0m  [1m[34mSELECT SUM("items"."quantity") FROM "items"[0m
  [1m[35m (0.1ms)[0m  [1m[34mSELECT SUM("items"."remaining_quantity") FROM "items"[0m
  [1m[36mCACHE (0.0ms)[0m  [1m[34mSELECT SUM("items"."quantity") FROM "items"[0m
  [1m[36mCACHE (0.0ms)[0m  [1m[34mSELECT SUM("items"."remaining_quantity") FROM "items"[0m
  [1m[35m (0.2ms)[0m  [1m[34mSELECT COUNT(*) FROM "orders" WHERE (expire_at < '2018-12-07') AND "orders"."status" = ?[0m  [["status", true]]
  [1m[35m (0.2ms)[0m  [1m[34mSELECT COUNT(*) FROM "orders" WHERE "orders"."status" = ?[0m  [["status", true]]
  [1m[36mOrder Load (0.2ms)[0m  [1m[34mSELECT "orders".* FROM "orders" WHERE "orders"."status" = ?[0m  [["status", true]]
  [1m[35m (0.1ms)[0m  [1m[34mSELECT COUNT(*) FROM "members"[0m
  [1m[36mMember Load (0.3ms)[0m  [1m[34mSELECT "members".* FROM "members"[0m
  Rendered layouts/_footer.html.erb (0.5ms)
  Rendered orders/index.html.erb within layouts/application (17.1ms)
  Rendered layouts/_notifications.html.erb (0.8ms)
Completed 200 OK in 250ms (Views: 245.2ms | ActiveRecord: 1.7ms)


Started GET "/past_orders" for 127.0.0.1 at 2018-12-07 13:52:27 +0300
Processing by OrdersController#old as HTML
  [1m[36mUser Load (0.2ms)[0m  [1m[34mSELECT  "users".* FROM "users" WHERE "users"."id" = ? ORDER BY "users"."id" ASC LIMIT ?[0m  [["id", 1], ["LIMIT", 1]]
  Rendering orders/old.html.erb within layouts/application
  Rendered layouts/_header.html.erb (4.4ms)
  [1m[36mOrder Load (0.3ms)[0m  [1m[34mSELECT "orders".* FROM "orders" WHERE "orders"."status" = ?[0m  [["status", false]]
  Rendered layouts/_footer.html.erb (0.3ms)
  Rendered orders/old.html.erb within layouts/application (10.3ms)
  Rendered layouts/_notifications.html.erb (0.9ms)
Completed 200 OK in 227ms (Views: 224.7ms | ActiveRecord: 0.5ms)


Started GET "/items/new" for 127.0.0.1 at 2018-12-07 13:52:28 +0300
Processing by ItemsController#new as HTML
  [1m[36mUser Load (0.3ms)[0m  [1m[34mSELECT  "users".* FROM "users" WHERE "users"."id" = ? ORDER BY "users"."id" ASC LIMIT ?[0m  [["id", 1], ["LIMIT", 1]]
  Rendering items/new.html.erb within layouts/application
  Rendered layouts/_header.html.erb (13.4ms)
  Rendered items/new.html.erb within layouts/application (62.5ms)
  Rendered layouts/_notifications.html.erb (0.7ms)
Completed 200 OK in 319ms (Views: 299.2ms | ActiveRecord: 0.6ms)


Started GET "/items/new" for 127.0.0.1 at 2018-12-07 13:53:28 +0300
Processing by ItemsController#new as HTML
  [1m[36mUser Load (0.3ms)[0m  [1m[34mSELECT  "users".* FROM "users" WHERE "users"."id" = ? ORDER BY "users"."id" ASC LIMIT ?[0m  [["id", 1], ["LIMIT", 1]]
  Rendering items/new.html.erb within layouts/application
  Rendered layouts/_header.html.erb (6.1ms)
  Rendered items/new.html.erb within layouts/application (17.7ms)
  Rendered layouts/_notifications.html.erb (0.9ms)
Completed 200 OK in 310ms (Views: 307.0ms | ActiveRecord: 0.3ms)


Started GET "/items/new" for 127.0.0.1 at 2018-12-07 13:54:08 +0300
Processing by ItemsController#new as HTML
  [1m[36mUser Load (0.3ms)[0m  [1m[34mSELECT  "users".* FROM "users" WHERE "users"."id" = ? ORDER BY "users"."id" ASC LIMIT ?[0m  [["id", 1], ["LIMIT", 1]]
  Rendering items/new.html.erb within layouts/application
  Rendered layouts/_header.html.erb (3.0ms)
  Rendered items/new.html.erb within layouts/application (6.5ms)
  Rendered layouts/_notifications.html.erb (2.8ms)
Completed 200 OK in 309ms (Views: 306.2ms | ActiveRecord: 0.3ms)


Started GET "/members/new" for 127.0.0.1 at 2018-12-07 13:54:15 +0300
Processing by MembersController#new as HTML
  [1m[36mUser Load (0.3ms)[0m  [1m[34mSELECT  "users".* FROM "users" WHERE "users"."id" = ? ORDER BY "users"."id" ASC LIMIT ?[0m  [["id", 1], ["LIMIT", 1]]
  Rendering members/new.html.erb within layouts/application
  Rendered layouts/_header.html.erb (18.5ms)
  Rendered layouts/_footer.html.erb (0.5ms)
  Rendered members/new.html.erb within layouts/application (31.8ms)
  Rendered layouts/_notifications.html.erb (0.9ms)
Completed 200 OK in 213ms (Views: 196.8ms | ActiveRecord: 0.3ms)


Started GET "/items/new" for 127.0.0.1 at 2018-12-07 13:54:17 +0300
Processing by ItemsController#new as HTML
  [1m[36mUser Load (0.3ms)[0m  [1m[34mSELECT  "users".* FROM "users" WHERE "users"."id" = ? ORDER BY "users"."id" ASC LIMIT ?[0m  [["id", 1], ["LIMIT", 1]]
  Rendering items/new.html.erb within layouts/application
  Rendered layouts/_header.html.erb (4.1ms)
  Rendered items/new.html.erb within layouts/application (8.1ms)
  Rendered layouts/_notifications.html.erb (3.0ms)
Completed 200 OK in 183ms (Views: 179.3ms | ActiveRecord: 0.3ms)


Started GET "/past_orders" for 127.0.0.1 at 2018-12-07 13:54:18 +0300
Processing by OrdersController#old as HTML
  [1m[36mUser Load (1.0ms)[0m  [1m[34mSELECT  "users".* FROM "users" WHERE "users"."id" = ? ORDER BY "users"."id" ASC LIMIT ?[0m  [["id", 1], ["LIMIT", 1]]
  Rendering orders/old.html.erb within layouts/application
  Rendered layouts/_header.html.erb (4.3ms)
  [1m[36mOrder Load (0.3ms)[0m  [1m[34mSELECT "orders".* FROM "orders" WHERE "orders"."status" = ?[0m  [["status", false]]
  Rendered layouts/_footer.html.erb (0.5ms)
  Rendered orders/old.html.erb within layouts/application (10.6ms)
  Rendered layouts/_notifications.html.erb (0.6ms)
Completed 200 OK in 231ms (Views: 224.1ms | ActiveRecord: 1.3ms)


Started GET "/items" for 127.0.0.1 at 2018-12-07 13:54:20 +0300
Processing by ItemsController#index as HTML
  [1m[36mUser Load (0.2ms)[0m  [1m[34mSELECT  "users".* FROM "users" WHERE "users"."id" = ? ORDER BY "users"."id" ASC LIMIT ?[0m  [["id", 1], ["LIMIT", 1]]
  Rendering items/index.html.erb within layouts/application
  Rendered layouts/_header.html.erb (6.8ms)
  [1m[36mItem Load (0.3ms)[0m  [1m[34mSELECT "items".* FROM "items"[0m
  Rendered layouts/_footer.html.erb (0.3ms)
  Rendered items/index.html.erb within layouts/application (12.3ms)
  Rendered layouts/_notifications.html.erb (1.9ms)
Completed 200 OK in 223ms (Views: 219.7ms | ActiveRecord: 0.5ms)


Started GET "/past_orders" for 127.0.0.1 at 2018-12-07 13:54:22 +0300
Processing by OrdersController#old as HTML
  [1m[36mUser Load (0.3ms)[0m  [1m[34mSELECT  "users".* FROM "users" WHERE "users"."id" = ? ORDER BY "users"."id" ASC LIMIT ?[0m  [["id", 1], ["LIMIT", 1]]
  Rendering orders/old.html.erb within layouts/application
  Rendered layouts/_header.html.erb (8.0ms)
  [1m[36mOrder Load (0.3ms)[0m  [1m[34mSELECT "orders".* FROM "orders" WHERE "orders"."status" = ?[0m  [["status", false]]
  Rendered layouts/_footer.html.erb (0.5ms)
  Rendered orders/old.html.erb within layouts/application (14.7ms)
  Rendered layouts/_notifications.html.erb (0.9ms)
Completed 200 OK in 280ms (Views: 276.8ms | ActiveRecord: 0.6ms)


Started GET "/items/new" for 127.0.0.1 at 2018-12-07 13:54:25 +0300
Processing by ItemsController#new as HTML
  [1m[36mUser Load (0.4ms)[0m  [1m[34mSELECT  "users".* FROM "users" WHERE "users"."id" = ? ORDER BY "users"."id" ASC LIMIT ?[0m  [["id", 1], ["LIMIT", 1]]
  Rendering items/new.html.erb within layouts/application
  Rendered layouts/_header.html.erb (6.0ms)
  Rendered items/new.html.erb within layouts/application (12.2ms)
  Rendered layouts/_notifications.html.erb (0.9ms)
Completed 200 OK in 237ms (Views: 233.5ms | ActiveRecord: 0.4ms)


Started POST "/items" for 127.0.0.1 at 2018-12-07 13:54:41 +0300
Processing by ItemsController#create as HTML
  Parameters: {"utf8"=>"✓", "authenticity_token"=>"6xD1tTrockb2Gl4TfNrjy1TOkO8cXRFrMapQCUqtYIlkYFUmC3LfQTlFdO4o4bzc3ypSgglEsEmY38bYn1iNFA==", "item"=>{"name"=>"test", "description"=>"ceci est un test", "quantity"=>"10", "category"=>"Electronics"}, "commit"=>"Enregistrer"}
  [1m[36mUser Load (0.5ms)[0m  [1m[34mSELECT  "users".* FROM "users" WHERE "users"."id" = ? ORDER BY "users"."id" ASC LIMIT ?[0m  [["id", 1], ["LIMIT", 1]]
  [1m[35m (0.1ms)[0m  [1m[36mbegin transaction[0m
  [1m[35mSQL (0.9ms)[0m  [1m[32mINSERT INTO "items" ("name", "category", "quantity", "description", "created_at", "updated_at", "remaining_quantity") VALUES (?, ?, ?, ?, ?, ?, ?)[0m  [["name", "test"], ["category", "Electronics"], ["quantity", 10], ["description", "ceci est un test"], ["created_at", 2018-12-07 10:54:41 UTC], ["updated_at", 2018-12-07 10:54:41 UTC], ["remaining_quantity", 10]]
  [1m[35m (500.2ms)[0m  [1m[36mcommit transaction[0m
Redirected to http://localhost:3000/
Completed 302 Found in 537ms (ActiveRecord: 501.7ms)


Started GET "/" for 127.0.0.1 at 2018-12-07 13:54:42 +0300
Processing by OrdersController#index as HTML
  [1m[36mUser Load (0.3ms)[0m  [1m[34mSELECT  "users".* FROM "users" WHERE "users"."id" = ? ORDER BY "users"."id" ASC LIMIT ?[0m  [["id", 1], ["LIMIT", 1]]
  Rendering orders/index.html.erb within layouts/application
  Rendered layouts/_header.html.erb (2.1ms)
  [1m[35m (0.2ms)[0m  [1m[34mSELECT SUM("items"."quantity") FROM "items"[0m
  [1m[35m (0.1ms)[0m  [1m[34mSELECT SUM("items"."remaining_quantity") FROM "items"[0m
  [1m[36mCACHE (0.0ms)[0m  [1m[34mSELECT SUM("items"."quantity") FROM "items"[0m
  [1m[36mCACHE (0.0ms)[0m  [1m[34mSELECT SUM("items"."remaining_quantity") FROM "items"[0m
  [1m[35m (0.2ms)[0m  [1m[34mSELECT COUNT(*) FROM "orders" WHERE (expire_at < '2018-12-07') AND "orders"."status" = ?[0m  [["status", true]]
  [1m[35m (0.1ms)[0m  [1m[34mSELECT COUNT(*) FROM "orders" WHERE "orders"."status" = ?[0m  [["status", true]]
  [1m[36mOrder Load (0.2ms)[0m  [1m[34mSELECT "orders".* FROM "orders" WHERE "orders"."status" = ?[0m  [["status", true]]
  [1m[35m (0.1ms)[0m  [1m[34mSELECT COUNT(*) FROM "members"[0m
  [1m[36mMember Load (0.1ms)[0m  [1m[34mSELECT "members".* FROM "members"[0m
  Rendered layouts/_footer.html.erb (0.4ms)
  Rendered orders/index.html.erb within layouts/application (10.7ms)
  Rendered layouts/_notifications.html.erb (4.1ms)
Completed 200 OK in 193ms (Views: 186.4ms | ActiveRecord: 1.4ms)


Started GET "/items" for 127.0.0.1 at 2018-12-07 13:54:50 +0300
Processing by ItemsController#index as HTML
  [1m[36mUser Load (0.2ms)[0m  [1m[34mSELECT  "users".* FROM "users" WHERE "users"."id" = ? ORDER BY "users"."id" ASC LIMIT ?[0m  [["id", 1], ["LIMIT", 1]]
  Rendering items/index.html.erb within layouts/application
  Rendered layouts/_header.html.erb (4.0ms)
  [1m[36mItem Load (0.2ms)[0m  [1m[34mSELECT "items".* FROM "items"[0m
  Rendered layouts/_footer.html.erb (0.5ms)
  Rendered items/index.html.erb within layouts/application (14.0ms)
  Rendered layouts/_notifications.html.erb (4.6ms)
Completed 200 OK in 247ms (Views: 243.0ms | ActiveRecord: 0.4ms)


Started GET "/items/new" for 127.0.0.1 at 2018-12-07 13:55:01 +0300
Processing by ItemsController#new as HTML
  [1m[36mUser Load (0.3ms)[0m  [1m[34mSELECT  "users".* FROM "users" WHERE "users"."id" = ? ORDER BY "users"."id" ASC LIMIT ?[0m  [["id", 1], ["LIMIT", 1]]
  Rendering items/new.html.erb within layouts/application
  Rendered layouts/_header.html.erb (19.6ms)
  Rendered items/new.html.erb within layouts/application (28.3ms)
  Rendered layouts/_notifications.html.erb (0.8ms)
Completed 200 OK in 245ms (Views: 228.3ms | ActiveRecord: 0.3ms)


Started POST "/items" for 127.0.0.1 at 2018-12-07 13:55:16 +0300
Processing by ItemsController#create as HTML
  Parameters: {"utf8"=>"✓", "authenticity_token"=>"/PYu57/MaS/T5YhuyT2CJi4ozRrDBLNxsd92S2xecBRzho50jlbEKBy6opOdBt0xpcwPd9YdElMYquCauaudiQ==", "item"=>{"name"=>"test2", "description"=>"ceci est un test", "quantity"=>"3", "category"=>"Magazines"}, "commit"=>"Enregistrer"}
  [1m[36mUser Load (0.3ms)[0m  [1m[34mSELECT  "users".* FROM "users" WHERE "users"."id" = ? ORDER BY "users"."id" ASC LIMIT ?[0m  [["id", 1], ["LIMIT", 1]]
  [1m[35m (0.1ms)[0m  [1m[36mbegin transaction[0m
  [1m[35mSQL (1.2ms)[0m  [1m[32mINSERT INTO "items" ("name", "category", "quantity", "description", "created_at", "updated_at", "remaining_quantity") VALUES (?, ?, ?, ?, ?, ?, ?)[0m  [["name", "test2"], ["category", "Magazines"], ["quantity", 3], ["description", "ceci est un test"], ["created_at", 2018-12-07 10:55:16 UTC], ["updated_at", 2018-12-07 10:55:16 UTC], ["remaining_quantity", 3]]
  [1m[35m (153.1ms)[0m  [1m[36mcommit transaction[0m
Redirected to http://localhost:3000/
Completed 302 Found in 164ms (ActiveRecord: 154.7ms)


Started GET "/" for 127.0.0.1 at 2018-12-07 13:55:16 +0300
Processing by OrdersController#index as HTML
  [1m[36mUser Load (0.3ms)[0m  [1m[34mSELECT  "users".* FROM "users" WHERE "users"."id" = ? ORDER BY "users"."id" ASC LIMIT ?[0m  [["id", 1], ["LIMIT", 1]]
  Rendering orders/index.html.erb within layouts/application
  Rendered layouts/_header.html.erb (4.1ms)
  [1m[35m (0.6ms)[0m  [1m[34mSELECT SUM("items"."quantity") FROM "items"[0m
  [1m[35m (0.2ms)[0m  [1m[34mSELECT SUM("items"."remaining_quantity") FROM "items"[0m
  [1m[36mCACHE (0.0ms)[0m  [1m[34mSELECT SUM("items"."quantity") FROM "items"[0m
  [1m[36mCACHE (0.0ms)[0m  [1m[34mSELECT SUM("items"."remaining_quantity") FROM "items"[0m
  [1m[35m (0.8ms)[0m  [1m[34mSELECT COUNT(*) FROM "orders" WHERE (expire_at < '2018-12-07') AND "orders"."status" = ?[0m  [["status", true]]
  [1m[35m (0.2ms)[0m  [1m[34mSELECT COUNT(*) FROM "orders" WHERE "orders"."status" = ?[0m  [["status", true]]
  [1m[36mOrder Load (0.2ms)[0m  [1m[34mSELECT "orders".* FROM "orders" WHERE "orders"."status" = ?[0m  [["status", true]]
  [1m[35m (0.2ms)[0m  [1m[34mSELECT COUNT(*) FROM "members"[0m
  [1m[36mMember Load (0.2ms)[0m  [1m[34mSELECT "members".* FROM "members"[0m
  Rendered layouts/_footer.html.erb (1.0ms)
  Rendered orders/index.html.erb within layouts/application (23.8ms)
  Rendered layouts/_notifications.html.erb (3.9ms)
Completed 200 OK in 215ms (Views: 206.5ms | ActiveRecord: 2.7ms)


Started GET "/items" for 127.0.0.1 at 2018-12-07 13:55:18 +0300
Processing by ItemsController#index as HTML
  [1m[36mUser Load (0.3ms)[0m  [1m[34mSELECT  "users".* FROM "users" WHERE "users"."id" = ? ORDER BY "users"."id" ASC LIMIT ?[0m  [["id", 1], ["LIMIT", 1]]
  Rendering items/index.html.erb within layouts/application
  Rendered layouts/_header.html.erb (3.8ms)
  [1m[36mItem Load (0.2ms)[0m  [1m[34mSELECT "items".* FROM "items"[0m
  Rendered layouts/_footer.html.erb (0.5ms)
  Rendered items/index.html.erb within layouts/application (9.2ms)
  Rendered layouts/_notifications.html.erb (0.8ms)
Completed 200 OK in 257ms (Views: 254.0ms | ActiveRecord: 0.5ms)


Started DELETE "/users/sign_out" for 127.0.0.1 at 2018-12-07 13:55:31 +0300
Processing by Devise::SessionsController#destroy as HTML
  Parameters: {"authenticity_token"=>"J585rGecDHE9d1d5j0L9Wa89XDtFqqn/1NZSsMGDG0uo75k/VgahdvIofYTbeaJOJNmeVlCzCN19o8RhFHb21g=="}
  [1m[36mUser Load (0.3ms)[0m  [1m[34mSELECT  "users".* FROM "users" WHERE "users"."id" = ? ORDER BY "users"."id" ASC LIMIT ?[0m  [["id", 1], ["LIMIT", 1]]
  [1m[35m (0.1ms)[0m  [1m[36mbegin transaction[0m
  [1m[35m (0.1ms)[0m  [1m[36mcommit transaction[0m
Redirected to http://localhost:3000/
Completed 302 Found in 6ms (ActiveRecord: 0.5ms)


Started GET "/" for 127.0.0.1 at 2018-12-07 13:55:31 +0300
Processing by OrdersController#index as HTML
Completed 401 Unauthorized in 1ms (ActiveRecord: 0.0ms)


Started GET "/users/sign_in" for 127.0.0.1 at 2018-12-07 13:55:31 +0300
Processing by Devise::SessionsController#new as HTML
  Rendering devise/sessions/new.html.erb within layouts/application
  Rendered devise/sessions/new.html.erb within layouts/application (3.2ms)
  Rendered layouts/_notifications.html.erb (1.0ms)
Completed 200 OK in 214ms (Views: 211.1ms | ActiveRecord: 0.0ms)


Started GET "/" for 127.0.0.1 at 2018-12-08 16:56:15 +0300
  [1m[36mActiveRecord::SchemaMigration Load (0.5ms)[0m  [1m[34mSELECT "schema_migrations".* FROM "schema_migrations"[0m
Processing by OrdersController#index as HTML
Completed 401 Unauthorized in 84ms (ActiveRecord: 0.0ms)


Started GET "/users/sign_in" for 127.0.0.1 at 2018-12-08 16:56:15 +0300
Processing by Devise::SessionsController#new as HTML
  Rendering devise/sessions/new.html.erb within layouts/application
  Rendered devise/sessions/new.html.erb within layouts/application (94.3ms)
  Rendered layouts/_notifications.html.erb (0.9ms)
Completed 200 OK in 1156ms (Views: 1124.7ms | ActiveRecord: 1.1ms)


Started POST "/users/sign_in" for 127.0.0.1 at 2018-12-08 16:56:31 +0300
Processing by Devise::SessionsController#create as HTML
  Parameters: {"utf8"=>"✓", "authenticity_token"=>"kw34prKWryvfVJRMF6LylHU0vYwzgzN6v6L8y0lFezro3wU9W5ROVJbJElqf5brS9vZUr//hrXo2GHGXezt4Hg==", "user"=>{"email"=>"yvestinos@gmail.com", "password"=>"[FILTERED]", "remember_me"=>"0"}, "commit"=>"S'identifier"}
  [1m[36mUser Load (0.8ms)[0m  [1m[34mSELECT  "users".* FROM "users" WHERE "users"."email" = ? ORDER BY "users"."id" ASC LIMIT ?[0m  [["email", "yvestinos@gmail.com"], ["LIMIT", 1]]
Completed 401 Unauthorized in 288ms (ActiveRecord: 0.8ms)


Processing by Devise::SessionsController#new as HTML
  Parameters: {"utf8"=>"✓", "authenticity_token"=>"kw34prKWryvfVJRMF6LylHU0vYwzgzN6v6L8y0lFezro3wU9W5ROVJbJElqf5brS9vZUr//hrXo2GHGXezt4Hg==", "user"=>{"email"=>"yvestinos@gmail.com", "password"=>"[FILTERED]", "remember_me"=>"0"}, "commit"=>"S'identifier"}
  Rendering devise/sessions/new.html.erb within layouts/application
  Rendered devise/sessions/new.html.erb within layouts/application (1.8ms)
  Rendered layouts/_notifications.html.erb (0.7ms)
Completed 200 OK in 272ms (Views: 114.2ms | ActiveRecord: 0.0ms)


Started POST "/users/sign_in" for 127.0.0.1 at 2018-12-08 16:56:37 +0300
Processing by Devise::SessionsController#create as HTML
  Parameters: {"utf8"=>"✓", "authenticity_token"=>"ADizpvhrpvJWCmjQRsuvJq2uRnmtdzgNzFq35S7AZ1Z76k49EWlHjR+X7sbOjOdgLmyvWmEVpg1F4Dq5HL5kcg==", "user"=>{"email"=>"yvestinos@gmail.com", "password"=>"[FILTERED]", "remember_me"=>"0"}, "commit"=>"S'identifier"}
  [1m[36mUser Load (0.6ms)[0m  [1m[34mSELECT  "users".* FROM "users" WHERE "users"."email" = ? ORDER BY "users"."id" ASC LIMIT ?[0m  [["email", "yvestinos@gmail.com"], ["LIMIT", 1]]
  [1m[35m (0.1ms)[0m  [1m[36mbegin transaction[0m
  [1m[35mSQL (1.1ms)[0m  [1m[33mUPDATE "users" SET "current_sign_in_at" = ?, "last_sign_in_at" = ?, "sign_in_count" = ?, "updated_at" = ? WHERE "users"."id" = ?[0m  [["current_sign_in_at", 2018-12-08 13:56:37 UTC], ["last_sign_in_at", 2018-12-07 10:48:51 UTC], ["sign_in_count", 4], ["updated_at", 2018-12-08 13:56:37 UTC], ["id", 1]]
  [1m[35m (87.0ms)[0m  [1m[36mcommit transaction[0m
Redirected to http://localhost:3000/
Completed 302 Found in 300ms (ActiveRecord: 88.7ms)


Started GET "/" for 127.0.0.1 at 2018-12-08 16:56:38 +0300
Processing by OrdersController#index as HTML
  [1m[36mUser Load (0.5ms)[0m  [1m[34mSELECT  "users".* FROM "users" WHERE "users"."id" = ? ORDER BY "users"."id" ASC LIMIT ?[0m  [["id", 1], ["LIMIT", 1]]
  Rendering orders/index.html.erb within layouts/application
  Rendered layouts/_header.html.erb (2.9ms)
  [1m[35m (0.1ms)[0m  [1m[34mSELECT SUM("items"."quantity") FROM "items"[0m
  [1m[35m (0.1ms)[0m  [1m[34mSELECT SUM("items"."remaining_quantity") FROM "items"[0m
  [1m[36mCACHE (0.0ms)[0m  [1m[34mSELECT SUM("items"."quantity") FROM "items"[0m
  [1m[36mCACHE (0.0ms)[0m  [1m[34mSELECT SUM("items"."remaining_quantity") FROM "items"[0m
  [1m[35m (0.1ms)[0m  [1m[34mSELECT COUNT(*) FROM "orders" WHERE (expire_at < '2018-12-08') AND "orders"."status" = ?[0m  [["status", true]]
  [1m[35m (0.1ms)[0m  [1m[34mSELECT COUNT(*) FROM "orders" WHERE "orders"."status" = ?[0m  [["status", true]]
  [1m[36mOrder Load (0.2ms)[0m  [1m[34mSELECT "orders".* FROM "orders" WHERE "orders"."status" = ?[0m  [["status", true]]
  [1m[35m (0.1ms)[0m  [1m[34mSELECT COUNT(*) FROM "members"[0m
  [1m[36mMember Load (0.2ms)[0m  [1m[34mSELECT "members".* FROM "members"[0m
  Rendered layouts/_footer.html.erb (0.4ms)
  Rendered orders/index.html.erb within layouts/application (33.1ms)
  Rendered layouts/_notifications.html.erb (0.7ms)
Completed 200 OK in 184ms (Views: 132.1ms | ActiveRecord: 2.9ms)


Started GET "/members/new" for 127.0.0.1 at 2018-12-08 16:56:53 +0300
Processing by MembersController#new as HTML
  [1m[36mUser Load (0.5ms)[0m  [1m[34mSELECT  "users".* FROM "users" WHERE "users"."id" = ? ORDER BY "users"."id" ASC LIMIT ?[0m  [["id", 1], ["LIMIT", 1]]
  Rendering members/new.html.erb within layouts/application
  Rendered layouts/_header.html.erb (4.1ms)
  Rendered layouts/_footer.html.erb (0.3ms)
  Rendered members/new.html.erb within layouts/application (10.4ms)
  Rendered layouts/_notifications.html.erb (1.2ms)
Completed 200 OK in 149ms (Views: 136.5ms | ActiveRecord: 0.5ms)


Started GET "/items/new" for 127.0.0.1 at 2018-12-08 16:56:57 +0300
Processing by ItemsController#new as HTML
  [1m[36mUser Load (0.3ms)[0m  [1m[34mSELECT  "users".* FROM "users" WHERE "users"."id" = ? ORDER BY "users"."id" ASC LIMIT ?[0m  [["id", 1], ["LIMIT", 1]]
  Rendering items/new.html.erb within layouts/application
  Rendered layouts/_header.html.erb (2.2ms)
  Rendered items/new.html.erb within layouts/application (20.1ms)
  Rendered layouts/_notifications.html.erb (0.7ms)
Completed 200 OK in 212ms (Views: 171.8ms | ActiveRecord: 0.5ms)


Started GET "/items" for 127.0.0.1 at 2018-12-08 16:57:02 +0300
Processing by ItemsController#index as HTML
  [1m[36mUser Load (0.2ms)[0m  [1m[34mSELECT  "users".* FROM "users" WHERE "users"."id" = ? ORDER BY "users"."id" ASC LIMIT ?[0m  [["id", 1], ["LIMIT", 1]]
  Rendering items/index.html.erb within layouts/application
  Rendered layouts/_header.html.erb (7.0ms)
  [1m[36mItem Load (0.2ms)[0m  [1m[34mSELECT "items".* FROM "items"[0m
  Rendered layouts/_footer.html.erb (0.3ms)
  Rendered items/index.html.erb within layouts/application (12.2ms)
  Rendered layouts/_notifications.html.erb (0.8ms)
Completed 200 OK in 172ms (Views: 152.3ms | ActiveRecord: 0.4ms)


Started GET "/items" for 127.0.0.1 at 2018-12-08 16:57:09 +0300
Processing by ItemsController#index as HTML
  [1m[36mUser Load (0.3ms)[0m  [1m[34mSELECT  "users".* FROM "users" WHERE "users"."id" = ? ORDER BY "users"."id" ASC LIMIT ?[0m  [["id", 1], ["LIMIT", 1]]
  Rendering items/index.html.erb within layouts/application
  Rendered layouts/_header.html.erb (5.1ms)
  [1m[36mItem Load (0.2ms)[0m  [1m[34mSELECT "items".* FROM "items"[0m
  Rendered layouts/_footer.html.erb (0.4ms)
  Rendered items/index.html.erb within layouts/application (11.0ms)
  Rendered layouts/_notifications.html.erb (1.6ms)
Completed 200 OK in 180ms (Views: 175.9ms | ActiveRecord: 0.5ms)


Started GET "/" for 127.0.0.1 at 2018-12-08 16:57:11 +0300
Processing by OrdersController#index as HTML
  [1m[36mUser Load (0.7ms)[0m  [1m[34mSELECT  "users".* FROM "users" WHERE "users"."id" = ? ORDER BY "users"."id" ASC LIMIT ?[0m  [["id", 1], ["LIMIT", 1]]
  Rendering orders/index.html.erb within layouts/application
  Rendered layouts/_header.html.erb (2.0ms)
  [1m[35m (0.1ms)[0m  [1m[34mSELECT SUM("items"."quantity") FROM "items"[0m
  [1m[35m (0.1ms)[0m  [1m[34mSELECT SUM("items"."remaining_quantity") FROM "items"[0m
  [1m[36mCACHE (0.0ms)[0m  [1m[34mSELECT SUM("items"."quantity") FROM "items"[0m
  [1m[36mCACHE (0.0ms)[0m  [1m[34mSELECT SUM("items"."remaining_quantity") FROM "items"[0m
  [1m[35m (0.3ms)[0m  [1m[34mSELECT COUNT(*) FROM "orders" WHERE (expire_at < '2018-12-08') AND "orders"."status" = ?[0m  [["status", true]]
  [1m[35m (0.8ms)[0m  [1m[34mSELECT COUNT(*) FROM "orders" WHERE "orders"."status" = ?[0m  [["status", true]]
  [1m[36mOrder Load (1.0ms)[0m  [1m[34mSELECT "orders".* FROM "orders" WHERE "orders"."status" = ?[0m  [["status", true]]
  [1m[35m (0.2ms)[0m  [1m[34mSELECT COUNT(*) FROM "members"[0m
  [1m[36mMember Load (0.2ms)[0m  [1m[34mSELECT "members".* FROM "members"[0m
  Rendered layouts/_footer.html.erb (0.5ms)
  Rendered orders/index.html.erb within layouts/application (19.9ms)
  Rendered layouts/_notifications.html.erb (0.7ms)
Completed 200 OK in 186ms (Views: 177.5ms | ActiveRecord: 3.5ms)


Started GET "/items" for 127.0.0.1 at 2018-12-08 16:57:18 +0300
Processing by ItemsController#index as HTML
  [1m[36mUser Load (0.3ms)[0m  [1m[34mSELECT  "users".* FROM "users" WHERE "users"."id" = ? ORDER BY "users"."id" ASC LIMIT ?[0m  [["id", 1], ["LIMIT", 1]]
  Rendering items/index.html.erb within layouts/application
  Rendered layouts/_header.html.erb (4.2ms)
  [1m[36mItem Load (0.3ms)[0m  [1m[34mSELECT "items".* FROM "items"[0m
  Rendered layouts/_footer.html.erb (0.7ms)
  Rendered items/index.html.erb within layouts/application (16.5ms)
  Rendered layouts/_notifications.html.erb (2.7ms)
Completed 200 OK in 164ms (Views: 161.0ms | ActiveRecord: 0.5ms)


